2018-09-19 15:07:55 +0000  Initial pipeline context: <IDEDistributionProcessingPipelineContext: 0x7fb7057e94c0; archive(resolved)='<IDEArchive: 0x7fb706791ad0>', distributionTask(resolved)='2', distributionMethod(resolved)='<IDEDistributionMethodiOSAppStoreExport: 0x7fb701b56d30>', team(resolved)='<IDEProvisioningBasicTeam: 0x7fb71556ae40; teamID='3C7VUZNULA', teamName='Kien Vu'>'>
	Chain (11, self inclusive):
	<IDEDistributionProcessingPipelineContext: 0x7fb7057e94c0; archive = '<IDEArchive: 0x7fb706791ad0>', distributionMethod='<IDEDistributionMethodiOSAppStoreExport: 0x7fb701b56d30>', team='<IDEProvisioningBasicTeam: 0x7fb71556ae40; teamID='3C7VUZNULA', teamName='Kien Vu'>'>
	<IDEDistributionProcessingPipelineContext: 0x7fb706479460; archive = '<IDEArchive: 0x7fb706791ad0>', distributionMethod='<IDEDistributionMethodiOSAppStoreExport: 0x7fb701b56d30>', team='<IDEProvisioningBasicTeam: 0x7fb71556ae40; teamID='3C7VUZNULA', teamName='Kien Vu'>'>
	<IDEDistributionContext: 0x7fb71f595c60; archive = '<IDEArchive: 0x7fb706791ad0>', distributionMethod='<IDEDistributionMethodiOSAppStoreExport: 0x7fb701b56d30>', team='<IDEProvisioningBasicTeam: 0x7fb71556ae40; teamID='3C7VUZNULA', teamName='Kien Vu'>'>
	<IDEDistributionContext: 0x7fb706bd9d60; archive = '<IDEArchive: 0x7fb706791ad0>', distributionMethod='<IDEDistributionMethodiOSAppStoreExport: 0x7fb701b56d30>', team='<IDEProvisioningBasicTeam: 0x7fb71556ae40; teamID='3C7VUZNULA', teamName='Kien Vu'>'>
	<IDEDistributionContext: 0x7fb71ebb9290; archive = '<IDEArchive: 0x7fb706791ad0>', distributionMethod='<IDEDistributionMethodiOSAppStoreExport: 0x7fb701b56d30>', team='<IDEProvisioningBasicTeam: 0x7fb71556ae40; teamID='3C7VUZNULA', teamName='Kien Vu'>'>
	<IDEDistributionContext: 0x7fb706172680; archive = '<IDEArchive: 0x7fb706791ad0>', distributionMethod='<IDEDistributionMethodiOSAppStoreExport: 0x7fb701b56d30>', team='<IDEProvisioningBasicTeam: 0x7fb71556ae40; teamID='3C7VUZNULA', teamName='Kien Vu'>'>
	<IDEDistributionContext: 0x7fb7051dddd0; archive = '<IDEArchive: 0x7fb706791ad0>', distributionMethod='<IDEDistributionMethodiOSAppStoreExport: 0x7fb701b56d30>', team='<IDEProvisioningBasicTeam: 0x7fb71556ae40; teamID='3C7VUZNULA', teamName='Kien Vu'>'>
	<IDEDistributionContext: 0x7fb71fc8b1c0; archive = '<IDEArchive: 0x7fb706791ad0>', distributionMethod='<IDEDistributionMethodiOSAppStoreExport: 0x7fb701b56d30>', team='<IDEProvisioningBasicTeam: 0x7fb71556ae40; teamID='3C7VUZNULA', teamName='Kien Vu'>'>
	<IDEDistributionContext: 0x7fb703830fd0; archive = '<IDEArchive: 0x7fb706791ad0>', distributionMethod='<IDEDistributionMethodiOSAppStoreExport: 0x7fb701b56d30>', team='<IDEProvisioningBasicTeam: 0x7fb71556ae40; teamID='3C7VUZNULA', teamName='Kien Vu'>'>
	<IDEDistributionContext: 0x7fb71e887c80; archive = '<IDEArchive: 0x7fb706791ad0>', distributionMethod='<IDEDistributionMethodiOSAppStoreExport: 0x7fb701b56d30>', team='(null)'>
	<IDEDistributionContext: 0x7fb70107c2b0; archive = '<IDEArchive: 0x7fb706791ad0>', distributionMethod='(null)', team='(null)'>
</IDEDistributionProcessingPipelineContext: 0x7fb7057e94c0>
2018-09-19 15:07:55 +0000  Processing step: IDEDistributionCreateDestRootStep
2018-09-19 15:07:55 +0000  Processing step: IDEDistributionCopyItemStep
2018-09-19 15:07:55 +0000  Running /usr/bin/ditto '-V' '/Users/iliat-macmini/Library/Developer/Xcode/Archives/2018-09-19/DokoDemo 9-19-18, 9.56 PM.xcarchive/Products/Applications/DokoDemo.app' '/var/folders/b7/rskpkmb166x36kbgs0y2ry2c0000gn/T/XcodeDistPipeline.vG3/Root/Payload/DokoDemo.app'
2018-09-19 15:07:55 +0000  >>> Copying /Users/iliat-macmini/Library/Developer/Xcode/Archives/2018-09-19/DokoDemo 9-19-18, 9.56 PM.xcarchive/Products/Applications/DokoDemo.app 
2018-09-19 15:07:55 +0000  copying file ./_CodeSignature/CodeResources ... 
2018-09-19 15:07:55 +0000  84941 bytes for ./_CodeSignature/CodeResources
2018-09-19 15:07:55 +0000  copying file ./Octicons.ttf ... 
2018-09-19 15:07:55 +0000  27520 bytes for ./Octicons.ttf
copying file ./Feather.ttf ... 
2018-09-19 15:07:55 +0000  55288 bytes for ./Feather.ttf
copying file ./Roboto_medium.ttf ... 
2018-09-19 15:07:55 +0000  137308 bytes for ./Roboto_medium.ttf
2018-09-19 15:07:55 +0000  copying file ./AppIcon20x20@2x.png ... 
2018-09-19 15:07:55 +0000  3480 bytes for ./AppIcon20x20@2x.png
copying file ./Entypo.ttf ... 
2018-09-19 15:07:55 +0000  65584 bytes for ./Entypo.ttf
2018-09-19 15:07:55 +0000  copying file ./AppIcon20x20@3x.png ... 
2018-09-19 15:07:55 +0000  4736 bytes for ./AppIcon20x20@3x.png
2018-09-19 15:07:55 +0000  copying file ./GoogleMaps.bundle/bubble_left@3x.png ... 
2018-09-19 15:07:55 +0000  2386 bytes for ./GoogleMaps.bundle/bubble_left@3x.png
copying file ./GoogleMaps.bundle/bubble_left.png ... 
2018-09-19 15:07:55 +0000  451 bytes for ./GoogleMaps.bundle/bubble_left.png
copying file ./GoogleMaps.bundle/bubble_left@2x.png ... 
2018-09-19 15:07:55 +0000  1055 bytes for ./GoogleMaps.bundle/bubble_left@2x.png
copying file ./GoogleMaps.bundle/bubble_right@3x.png ... 
2018-09-19 15:07:55 +0000  2374 bytes for ./GoogleMaps.bundle/bubble_right@3x.png
2018-09-19 15:07:55 +0000  copying file ./GoogleMaps.bundle/bubble_right@2x.png ... 
2018-09-19 15:07:55 +0000  1051 bytes for ./GoogleMaps.bundle/bubble_right@2x.png
2018-09-19 15:07:55 +0000  copying file ./GoogleMaps.bundle/GMSCoreResources.bundle/de.lproj/GMSCore.strings ... 
2018-09-19 15:07:55 +0000  849 bytes for ./GoogleMaps.bundle/GMSCoreResources.bundle/de.lproj/GMSCore.strings
2018-09-19 15:07:55 +0000  copying file ./GoogleMaps.bundle/GMSCoreResources.bundle/he.lproj/GMSCore.strings ... 
2018-09-19 15:07:55 +0000  930 bytes for ./GoogleMaps.bundle/GMSCoreResources.bundle/he.lproj/GMSCore.strings
2018-09-19 15:07:55 +0000  copying file ./GoogleMaps.bundle/GMSCoreResources.bundle/en_AU.lproj/GMSCore.strings ... 
2018-09-19 15:07:55 +0000  801 bytes for ./GoogleMaps.bundle/GMSCoreResources.bundle/en_AU.lproj/GMSCore.strings
2018-09-19 15:07:55 +0000  copying file ./GoogleMaps.bundle/GMSCoreResources.bundle/ar.lproj/GMSCore.strings ... 
2018-09-19 15:07:55 +0000  992 bytes for ./GoogleMaps.bundle/GMSCoreResources.bundle/ar.lproj/GMSCore.strings
2018-09-19 15:07:55 +0000  copying file ./GoogleMaps.bundle/GMSCoreResources.bundle/el.lproj/GMSCore.strings ... 
2018-09-19 15:07:55 +0000  996 bytes for ./GoogleMaps.bundle/GMSCoreResources.bundle/el.lproj/GMSCore.strings
2018-09-19 15:07:55 +0000  copying file ./GoogleMaps.bundle/GMSCoreResources.bundle/ja.lproj/GMSCore.strings ... 
2018-09-19 15:07:55 +0000  776 bytes for ./GoogleMaps.bundle/GMSCoreResources.bundle/ja.lproj/GMSCore.strings
2018-09-19 15:07:55 +0000  copying file ./GoogleMaps.bundle/GMSCoreResources.bundle/iw.lproj/GMSCore.strings ... 
2018-09-19 15:07:55 +0000  930 bytes for ./GoogleMaps.bundle/GMSCoreResources.bundle/iw.lproj/GMSCore.strings
2018-09-19 15:07:55 +0000  copying file ./GoogleMaps.bundle/GMSCoreResources.bundle/ic_qu_direction_mylocation@2x.png ... 
2018-09-19 15:07:55 +0000  663 bytes for ./GoogleMaps.bundle/GMSCoreResources.bundle/ic_qu_direction_mylocation@2x.png
2018-09-19 15:07:55 +0000  copying file ./GoogleMaps.bundle/GMSCoreResources.bundle/en.lproj/GMSCore.strings ... 
2018-09-19 15:07:55 +0000  801 bytes for ./GoogleMaps.bundle/GMSCoreResources.bundle/en.lproj/GMSCore.strings
2018-09-19 15:07:55 +0000  copying file ./GoogleMaps.bundle/GMSCoreResources.bundle/uk.lproj/GMSCore.strings ... 
2018-09-19 15:07:55 +0000  982 bytes for ./GoogleMaps.bundle/GMSCoreResources.bundle/uk.lproj/GMSCore.strings
2018-09-19 15:07:55 +0000  copying file ./GoogleMaps.bundle/GMSCoreResources.bundle/ic_qu_direction_mylocation.png ... 
2018-09-19 15:07:55 +0000  362 bytes for ./GoogleMaps.bundle/GMSCoreResources.bundle/ic_qu_direction_mylocation.png
2018-09-19 15:07:55 +0000  copying file ./GoogleMaps.bundle/GMSCoreResources.bundle/es_419.lproj/GMSCore.strings ... 
2018-09-19 15:07:55 +0000  1016 bytes for ./GoogleMaps.bundle/GMSCoreResources.bundle/es_419.lproj/GMSCore.strings
2018-09-19 15:07:55 +0000  copying file ./GoogleMaps.bundle/GMSCoreResources.bundle/GMSSprites-0-1x.png ... 
2018-09-19 15:07:55 +0000  10365 bytes for ./GoogleMaps.bundle/GMSCoreResources.bundle/GMSSprites-0-1x.png
copying file ./GoogleMaps.bundle/GMSCoreResources.bundle/ic_compass_needle_large@2x.png ... 
2018-09-19 15:07:55 +0000  2446 bytes for ./GoogleMaps.bundle/GMSCoreResources.bundle/ic_compass_needle_large@2x.png
copying file ./GoogleMaps.bundle/GMSCoreResources.bundle/ic_compass_needle_large@3x.png ... 
2018-09-19 15:07:55 +0000  3304 bytes for ./GoogleMaps.bundle/GMSCoreResources.bundle/ic_compass_needle_large@3x.png
2018-09-19 15:07:55 +0000  copying file ./GoogleMaps.bundle/GMSCoreResources.bundle/es_MX.lproj/GMSCore.strings ... 
2018-09-19 15:07:55 +0000  1016 bytes for ./GoogleMaps.bundle/GMSCoreResources.bundle/es_MX.lproj/GMSCore.strings
2018-09-19 15:07:55 +0000  copying file ./GoogleMaps.bundle/GMSCoreResources.bundle/ic_compass_needle_large.png ... 
2018-09-19 15:07:55 +0000  1114 bytes for ./GoogleMaps.bundle/GMSCoreResources.bundle/ic_compass_needle_large.png
2018-09-19 15:07:55 +0000  copying file ./GoogleMaps.bundle/GMSCoreResources.bundle/zh_CN.lproj/GMSCore.strings ... 
2018-09-19 15:07:55 +0000  748 bytes for ./GoogleMaps.bundle/GMSCoreResources.bundle/zh_CN.lproj/GMSCore.strings
2018-09-19 15:07:55 +0000  copying file ./GoogleMaps.bundle/GMSCoreResources.bundle/ic_qu_direction_mylocation@3x.png ... 
2018-09-19 15:07:55 +0000  1240 bytes for ./GoogleMaps.bundle/GMSCoreResources.bundle/ic_qu_direction_mylocation@3x.png
copying file ./GoogleMaps.bundle/GMSCoreResources.bundle/DroidSansMerged-Regular.ttf ... 
2018-09-19 15:07:55 +0000  392092 bytes for ./GoogleMaps.bundle/GMSCoreResources.bundle/DroidSansMerged-Regular.ttf
2018-09-19 15:07:55 +0000  copying file ./GoogleMaps.bundle/GMSCoreResources.bundle/nb.lproj/GMSCore.strings ... 
2018-09-19 15:07:55 +0000  841 bytes for ./GoogleMaps.bundle/GMSCoreResources.bundle/nb.lproj/GMSCore.strings
2018-09-19 15:07:55 +0000  copying file ./GoogleMaps.bundle/GMSCoreResources.bundle/es.lproj/GMSCore.strings ... 
2018-09-19 15:07:55 +0000  1019 bytes for ./GoogleMaps.bundle/GMSCoreResources.bundle/es.lproj/GMSCore.strings
2018-09-19 15:07:55 +0000  copying file ./GoogleMaps.bundle/GMSCoreResources.bundle/traffic_endcap.png ... 
2018-09-19 15:07:55 +0000  210 bytes for ./GoogleMaps.bundle/GMSCoreResources.bundle/traffic_endcap.png
2018-09-19 15:07:55 +0000  copying file ./GoogleMaps.bundle/GMSCoreResources.bundle/pt_BR.lproj/GMSCore.strings ... 
2018-09-19 15:07:55 +0000  948 bytes for ./GoogleMaps.bundle/GMSCoreResources.bundle/pt_BR.lproj/GMSCore.strings
2018-09-19 15:07:55 +0000  copying file ./GoogleMaps.bundle/GMSCoreResources.bundle/da.lproj/GMSCore.strings ... 
2018-09-19 15:07:55 +0000  924 bytes for ./GoogleMaps.bundle/GMSCoreResources.bundle/da.lproj/GMSCore.strings
2018-09-19 15:07:55 +0000  copying file ./GoogleMaps.bundle/GMSCoreResources.bundle/ic_location_off@3x.png ... 
2018-09-19 15:07:55 +0000  1577 bytes for ./GoogleMaps.bundle/GMSCoreResources.bundle/ic_location_off@3x.png
2018-09-19 15:07:55 +0000  copying file ./GoogleMaps.bundle/GMSCoreResources.bundle/it.lproj/GMSCore.strings ... 
2018-09-19 15:07:55 +0000  876 bytes for ./GoogleMaps.bundle/GMSCoreResources.bundle/it.lproj/GMSCore.strings
2018-09-19 15:07:55 +0000  copying file ./GoogleMaps.bundle/GMSCoreResources.bundle/sk.lproj/GMSCore.strings ... 
2018-09-19 15:07:55 +0000  904 bytes for ./GoogleMaps.bundle/GMSCoreResources.bundle/sk.lproj/GMSCore.strings
2018-09-19 15:07:55 +0000  copying file ./GoogleMaps.bundle/GMSCoreResources.bundle/GMSNavSprites-0-3x.png ... 
2018-09-19 15:07:55 +0000  10683 bytes for ./GoogleMaps.bundle/GMSCoreResources.bundle/GMSNavSprites-0-3x.png
2018-09-19 15:07:55 +0000  copying file ./GoogleMaps.bundle/GMSCoreResources.bundle/pt_PT.lproj/GMSCore.strings ... 
2018-09-19 15:07:55 +0000  992 bytes for ./GoogleMaps.bundle/GMSCoreResources.bundle/pt_PT.lproj/GMSCore.strings
2018-09-19 15:07:55 +0000  copying file ./GoogleMaps.bundle/GMSCoreResources.bundle/button_compass_night.png ... 
2018-09-19 15:07:55 +0000  720 bytes for ./GoogleMaps.bundle/GMSCoreResources.bundle/button_compass_night.png
copying file ./GoogleMaps.bundle/GMSCoreResources.bundle/button_my_location.png ... 
2018-09-19 15:07:55 +0000  492 bytes for ./GoogleMaps.bundle/GMSCoreResources.bundle/button_my_location.png
2018-09-19 15:07:55 +0000  copying file ./GoogleMaps.bundle/GMSCoreResources.bundle/road_16-4.png ... 
2018-09-19 15:07:55 +0000  127 bytes for ./GoogleMaps.bundle/GMSCoreResources.bundle/road_16-4.png
2018-09-19 15:07:55 +0000  copying file ./GoogleMaps.bundle/GMSCoreResources.bundle/ms.lproj/GMSCore.strings ... 
2018-09-19 15:07:55 +0000  821 bytes for ./GoogleMaps.bundle/GMSCoreResources.bundle/ms.lproj/GMSCore.strings
2018-09-19 15:07:55 +0000  copying file ./GoogleMaps.bundle/GMSCoreResources.bundle/road_256-64.png ... 
2018-09-19 15:07:55 +0000  1934 bytes for ./GoogleMaps.bundle/GMSCoreResources.bundle/road_256-64.png
copying file ./GoogleMaps.bundle/GMSCoreResources.bundle/button_compass.png ... 
2018-09-19 15:07:55 +0000  631 bytes for ./GoogleMaps.bundle/GMSCoreResources.bundle/button_compass.png
2018-09-19 15:07:55 +0000  copying file ./GoogleMaps.bundle/GMSCoreResources.bundle/sv.lproj/GMSCore.strings ... 
2018-09-19 15:07:55 +0000  893 bytes for ./GoogleMaps.bundle/GMSCoreResources.bundle/sv.lproj/GMSCore.strings
2018-09-19 15:07:55 +0000  copying file ./GoogleMaps.bundle/GMSCoreResources.bundle/road_8-2.png ... 
2018-09-19 15:07:55 +0000  93 bytes for ./GoogleMaps.bundle/GMSCoreResources.bundle/road_8-2.png
2018-09-19 15:07:55 +0000  copying file ./GoogleMaps.bundle/GMSCoreResources.bundle/cs.lproj/GMSCore.strings ... 
2018-09-19 15:07:55 +0000  940 bytes for ./GoogleMaps.bundle/GMSCoreResources.bundle/cs.lproj/GMSCore.strings
2018-09-19 15:07:55 +0000  copying file ./GoogleMaps.bundle/GMSCoreResources.bundle/button_background.png ... 
2018-09-19 15:07:55 +0000  334 bytes for ./GoogleMaps.bundle/GMSCoreResources.bundle/button_background.png
copying file ./GoogleMaps.bundle/GMSCoreResources.bundle/GMSNavNightModeSprites-0-1x.png ... 
2018-09-19 15:07:55 +0000  3393 bytes for ./GoogleMaps.bundle/GMSCoreResources.bundle/GMSNavNightModeSprites-0-1x.png
2018-09-19 15:07:55 +0000  copying file ./GoogleMaps.bundle/GMSCoreResources.bundle/button_my_location@2x.png ... 
2018-09-19 15:07:55 +0000  1229 bytes for ./GoogleMaps.bundle/GMSCoreResources.bundle/button_my_location@2x.png
2018-09-19 15:07:55 +0000  copying file ./GoogleMaps.bundle/GMSCoreResources.bundle/en_IN.lproj/GMSCore.strings ... 
2018-09-19 15:07:55 +0000  801 bytes for ./GoogleMaps.bundle/GMSCoreResources.bundle/en_IN.lproj/GMSCore.strings
2018-09-19 15:07:55 +0000  copying file ./GoogleMaps.bundle/GMSCoreResources.bundle/ko.lproj/GMSCore.strings ... 
2018-09-19 15:07:55 +0000  814 bytes for ./GoogleMaps.bundle/GMSCoreResources.bundle/ko.lproj/GMSCore.strings
2018-09-19 15:07:55 +0000  copying file ./GoogleMaps.bundle/GMSCoreResources.bundle/GMSNavSprites-0-2x.png ... 
2018-09-19 15:07:55 +0000  7465 bytes for ./GoogleMaps.bundle/GMSCoreResources.bundle/GMSNavSprites-0-2x.png
copying file ./GoogleMaps.bundle/GMSCoreResources.bundle/ic_location_off@2x.png ... 
2018-09-19 15:07:55 +0000  860 bytes for ./GoogleMaps.bundle/GMSCoreResources.bundle/ic_location_off@2x.png
2018-09-19 15:07:55 +0000  copying file ./GoogleMaps.bundle/GMSCoreResources.bundle/GMSNavSprites-0-1x.png ... 
2018-09-19 15:07:55 +0000  3246 bytes for ./GoogleMaps.bundle/GMSCoreResources.bundle/GMSNavSprites-0-1x.png
2018-09-19 15:07:55 +0000  copying file ./GoogleMaps.bundle/GMSCoreResources.bundle/no.lproj/GMSCore.strings ... 
2018-09-19 15:07:55 +0000  841 bytes for ./GoogleMaps.bundle/GMSCoreResources.bundle/no.lproj/GMSCore.strings
2018-09-19 15:07:55 +0000  copying file ./GoogleMaps.bundle/GMSCoreResources.bundle/Tharlon-Regular.ttf ... 
2018-09-19 15:07:55 +0000  353228 bytes for ./GoogleMaps.bundle/GMSCoreResources.bundle/Tharlon-Regular.ttf
2018-09-19 15:07:55 +0000  copying file ./GoogleMaps.bundle/GMSCoreResources.bundle/hu.lproj/GMSCore.strings ... 
2018-09-19 15:07:55 +0000  996 bytes for ./GoogleMaps.bundle/GMSCoreResources.bundle/hu.lproj/GMSCore.strings
2018-09-19 15:07:55 +0000  copying file ./GoogleMaps.bundle/GMSCoreResources.bundle/zh_HK.lproj/GMSCore.strings ... 
2018-09-19 15:07:55 +0000  738 bytes for ./GoogleMaps.bundle/GMSCoreResources.bundle/zh_HK.lproj/GMSCore.strings
2018-09-19 15:07:55 +0000  copying file ./GoogleMaps.bundle/GMSCoreResources.bundle/road_4-1.png ... 
2018-09-19 15:07:55 +0000  74 bytes for ./GoogleMaps.bundle/GMSCoreResources.bundle/road_4-1.png
copying file ./GoogleMaps.bundle/GMSCoreResources.bundle/button_background@2x.png ... 
2018-09-19 15:07:55 +0000  433 bytes for ./GoogleMaps.bundle/GMSCoreResources.bundle/button_background@2x.png
2018-09-19 15:07:55 +0000  copying file ./GoogleMaps.bundle/GMSCoreResources.bundle/ic_compass_needle@2x.png ... 
2018-09-19 15:07:55 +0000  992 bytes for ./GoogleMaps.bundle/GMSCoreResources.bundle/ic_compass_needle@2x.png
2018-09-19 15:07:55 +0000  copying file ./GoogleMaps.bundle/GMSCoreResources.bundle/Assets.car ... 
2018-09-19 15:07:55 +0000  46179 bytes for ./GoogleMaps.bundle/GMSCoreResources.bundle/Assets.car
2018-09-19 15:07:55 +0000  copying file ./GoogleMaps.bundle/GMSCoreResources.bundle/tr.lproj/GMSCore.strings ... 
2018-09-19 15:07:55 +0000  944 bytes for ./GoogleMaps.bundle/GMSCoreResources.bundle/tr.lproj/GMSCore.strings
2018-09-19 15:07:55 +0000  copying file ./GoogleMaps.bundle/GMSCoreResources.bundle/pl.lproj/GMSCore.strings ... 
2018-09-19 15:07:55 +0000  897 bytes for ./GoogleMaps.bundle/GMSCoreResources.bundle/pl.lproj/GMSCore.strings
2018-09-19 15:07:55 +0000  copying file ./GoogleMaps.bundle/GMSCoreResources.bundle/zh_TW.lproj/GMSCore.strings ... 
2018-09-19 15:07:55 +0000  754 bytes for ./GoogleMaps.bundle/GMSCoreResources.bundle/zh_TW.lproj/GMSCore.strings
2018-09-19 15:07:55 +0000  copying file ./GoogleMaps.bundle/GMSCoreResources.bundle/GMSNavNightModeSprites-0-2x.png ... 
2018-09-19 15:07:55 +0000  7660 bytes for ./GoogleMaps.bundle/GMSCoreResources.bundle/GMSNavNightModeSprites-0-2x.png
copying file ./GoogleMaps.bundle/GMSCoreResources.bundle/GMSNavNightModeSprites-0-3x.png ... 
2018-09-19 15:07:55 +0000  12519 bytes for ./GoogleMaps.bundle/GMSCoreResources.bundle/GMSNavNightModeSprites-0-3x.png
2018-09-19 15:07:55 +0000  copying file ./GoogleMaps.bundle/GMSCoreResources.bundle/en_GB.lproj/GMSCore.strings ... 
2018-09-19 15:07:55 +0000  801 bytes for ./GoogleMaps.bundle/GMSCoreResources.bundle/en_GB.lproj/GMSCore.strings
2018-09-19 15:07:55 +0000  copying file ./GoogleMaps.bundle/GMSCoreResources.bundle/traffic_greyscale2.png ... 
2018-09-19 15:07:55 +0000  382 bytes for ./GoogleMaps.bundle/GMSCoreResources.bundle/traffic_greyscale2.png
copying file ./GoogleMaps.bundle/GMSCoreResources.bundle/dav_one_way_16_256.png ... 
2018-09-19 15:07:55 +0000  315 bytes for ./GoogleMaps.bundle/GMSCoreResources.bundle/dav_one_way_16_256.png
2018-09-19 15:07:55 +0000  copying file ./GoogleMaps.bundle/GMSCoreResources.bundle/road_2-1.png ... 
2018-09-19 15:07:55 +0000  84 bytes for ./GoogleMaps.bundle/GMSCoreResources.bundle/road_2-1.png
2018-09-19 15:07:55 +0000  copying file ./GoogleMaps.bundle/GMSCoreResources.bundle/vi.lproj/GMSCore.strings ... 
2018-09-19 15:07:55 +0000  995 bytes for ./GoogleMaps.bundle/GMSCoreResources.bundle/vi.lproj/GMSCore.strings
2018-09-19 15:07:55 +0000  copying file ./GoogleMaps.bundle/GMSCoreResources.bundle/button_background@3x.png ... 
2018-09-19 15:07:55 +0000  515 bytes for ./GoogleMaps.bundle/GMSCoreResources.bundle/button_background@3x.png
2018-09-19 15:07:55 +0000  copying file ./GoogleMaps.bundle/GMSCoreResources.bundle/road_32-8.png ... 
2018-09-19 15:07:55 +0000  223 bytes for ./GoogleMaps.bundle/GMSCoreResources.bundle/road_32-8.png
2018-09-19 15:07:55 +0000  copying file ./GoogleMaps.bundle/GMSCoreResources.bundle/lv.lproj/GMSCore.strings ... 
2018-09-19 15:07:55 +0000  801 bytes for ./GoogleMaps.bundle/GMSCoreResources.bundle/lv.lproj/GMSCore.strings
2018-09-19 15:07:55 +0000  copying file ./GoogleMaps.bundle/GMSCoreResources.bundle/lt.lproj/GMSCore.strings ... 
2018-09-19 15:07:55 +0000  801 bytes for ./GoogleMaps.bundle/GMSCoreResources.bundle/lt.lproj/GMSCore.strings
2018-09-19 15:07:55 +0000  copying file ./GoogleMaps.bundle/GMSCoreResources.bundle/ru.lproj/GMSCore.strings ... 
2018-09-19 15:07:55 +0000  1066 bytes for ./GoogleMaps.bundle/GMSCoreResources.bundle/ru.lproj/GMSCore.strings
2018-09-19 15:07:55 +0000  copying file ./GoogleMaps.bundle/GMSCoreResources.bundle/traffic_greyscale1.png ... 
2018-09-19 15:07:55 +0000  342 bytes for ./GoogleMaps.bundle/GMSCoreResources.bundle/traffic_greyscale1.png
2018-09-19 15:07:55 +0000  copying file ./GoogleMaps.bundle/GMSCoreResources.bundle/polyline_colors_texture_dim.png ... 
2018-09-19 15:07:55 +0000  7026 bytes for ./GoogleMaps.bundle/GMSCoreResources.bundle/polyline_colors_texture_dim.png
2018-09-19 15:07:55 +0000  copying file ./GoogleMaps.bundle/GMSCoreResources.bundle/fr_CA.lproj/GMSCore.strings ... 
2018-09-19 15:07:55 +0000  908 bytes for ./GoogleMaps.bundle/GMSCoreResources.bundle/fr_CA.lproj/GMSCore.strings
2018-09-19 15:07:55 +0000  copying file ./GoogleMaps.bundle/GMSCoreResources.bundle/road_128-32.png ... 
2018-09-19 15:07:55 +0000  1029 bytes for ./GoogleMaps.bundle/GMSCoreResources.bundle/road_128-32.png
2018-09-19 15:07:55 +0000  copying file ./GoogleMaps.bundle/GMSCoreResources.bundle/fr.lproj/GMSCore.strings ... 
2018-09-19 15:07:55 +0000  1038 bytes for ./GoogleMaps.bundle/GMSCoreResources.bundle/fr.lproj/GMSCore.strings
2018-09-19 15:07:55 +0000  copying file ./GoogleMaps.bundle/GMSCoreResources.bundle/fi.lproj/GMSCore.strings ... 
2018-09-19 15:07:55 +0000  881 bytes for ./GoogleMaps.bundle/GMSCoreResources.bundle/fi.lproj/GMSCore.strings
2018-09-19 15:07:55 +0000  copying file ./GoogleMaps.bundle/GMSCoreResources.bundle/id.lproj/GMSCore.strings ... 
2018-09-19 15:07:55 +0000  816 bytes for ./GoogleMaps.bundle/GMSCoreResources.bundle/id.lproj/GMSCore.strings
2018-09-19 15:07:55 +0000  copying file ./GoogleMaps.bundle/GMSCoreResources.bundle/nl.lproj/GMSCore.strings ... 
2018-09-19 15:07:55 +0000  865 bytes for ./GoogleMaps.bundle/GMSCoreResources.bundle/nl.lproj/GMSCore.strings
2018-09-19 15:07:55 +0000  copying file ./GoogleMaps.bundle/GMSCoreResources.bundle/th.lproj/GMSCore.strings ... 
2018-09-19 15:07:55 +0000  896 bytes for ./GoogleMaps.bundle/GMSCoreResources.bundle/th.lproj/GMSCore.strings
2018-09-19 15:07:55 +0000  copying file ./GoogleMaps.bundle/GMSCoreResources.bundle/road_64-16.png ... 
2018-09-19 15:07:55 +0000  425 bytes for ./GoogleMaps.bundle/GMSCoreResources.bundle/road_64-16.png
2018-09-19 15:07:55 +0000  copying file ./GoogleMaps.bundle/GMSCoreResources.bundle/GMSSprites-0-3x.png ... 
2018-09-19 15:07:55 +0000  42326 bytes for ./GoogleMaps.bundle/GMSCoreResources.bundle/GMSSprites-0-3x.png
2018-09-19 15:07:55 +0000  copying file ./GoogleMaps.bundle/GMSCoreResources.bundle/polyline_colors_texture.png ... 
2018-09-19 15:07:55 +0000  6982 bytes for ./GoogleMaps.bundle/GMSCoreResources.bundle/polyline_colors_texture.png
2018-09-19 15:07:55 +0000  copying file ./GoogleMaps.bundle/GMSCoreResources.bundle/ic_compass_needle.png ... 
2018-09-19 15:07:55 +0000  483 bytes for ./GoogleMaps.bundle/GMSCoreResources.bundle/ic_compass_needle.png
2018-09-19 15:07:55 +0000  copying file ./GoogleMaps.bundle/GMSCoreResources.bundle/pt.lproj/GMSCore.strings ... 
2018-09-19 15:07:55 +0000  948 bytes for ./GoogleMaps.bundle/GMSCoreResources.bundle/pt.lproj/GMSCore.strings
2018-09-19 15:07:55 +0000  copying file ./GoogleMaps.bundle/GMSCoreResources.bundle/road_1-1.png ... 
2018-09-19 15:07:55 +0000  95 bytes for ./GoogleMaps.bundle/GMSCoreResources.bundle/road_1-1.png
2018-09-19 15:07:55 +0000  copying file ./GoogleMaps.bundle/GMSCoreResources.bundle/ic_location_off.png ... 
2018-09-19 15:07:55 +0000  498 bytes for ./GoogleMaps.bundle/GMSCoreResources.bundle/ic_location_off.png
2018-09-19 15:07:55 +0000  copying file ./GoogleMaps.bundle/GMSCoreResources.bundle/ro.lproj/GMSCore.strings ... 
2018-09-19 15:07:55 +0000  985 bytes for ./GoogleMaps.bundle/GMSCoreResources.bundle/ro.lproj/GMSCore.strings
2018-09-19 15:07:55 +0000  copying file ./GoogleMaps.bundle/GMSCoreResources.bundle/traffic_startcap.png ... 
2018-09-19 15:07:55 +0000  243 bytes for ./GoogleMaps.bundle/GMSCoreResources.bundle/traffic_startcap.png
2018-09-19 15:07:55 +0000  copying file ./GoogleMaps.bundle/GMSCoreResources.bundle/Info.plist ... 
2018-09-19 15:07:55 +0000  510 bytes for ./GoogleMaps.bundle/GMSCoreResources.bundle/Info.plist
2018-09-19 15:07:55 +0000  copying file ./GoogleMaps.bundle/GMSCoreResources.bundle/GMSSprites-0-2x.png ... 
2018-09-19 15:07:55 +0000  25169 bytes for ./GoogleMaps.bundle/GMSCoreResources.bundle/GMSSprites-0-2x.png
copying file ./GoogleMaps.bundle/GMSCoreResources.bundle/button_compass_night@2x.png ... 
2018-09-19 15:07:55 +0000  2221 bytes for ./GoogleMaps.bundle/GMSCoreResources.bundle/button_compass_night@2x.png
copying file ./GoogleMaps.bundle/GMSCoreResources.bundle/button_compass@2x.png ... 
2018-09-19 15:07:55 +0000  2560 bytes for ./GoogleMaps.bundle/GMSCoreResources.bundle/button_compass@2x.png
2018-09-19 15:07:55 +0000  copying file ./GoogleMaps.bundle/GMSCoreResources.bundle/hr.lproj/GMSCore.strings ... 
2018-09-19 15:07:55 +0000  909 bytes for ./GoogleMaps.bundle/GMSCoreResources.bundle/hr.lproj/GMSCore.strings
2018-09-19 15:07:55 +0000  copying file ./GoogleMaps.bundle/GMSCoreResources.bundle/hi.lproj/GMSCore.strings ... 
2018-09-19 15:07:55 +0000  994 bytes for ./GoogleMaps.bundle/GMSCoreResources.bundle/hi.lproj/GMSCore.strings
2018-09-19 15:07:55 +0000  copying file ./GoogleMaps.bundle/GMSCoreResources.bundle/ca.lproj/GMSCore.strings ... 
2018-09-19 15:07:55 +0000  1014 bytes for ./GoogleMaps.bundle/GMSCoreResources.bundle/ca.lproj/GMSCore.strings
2018-09-19 15:07:55 +0000  copying file ./GoogleMaps.bundle/default_marker.png ... 
2018-09-19 15:07:55 +0000  1221 bytes for ./GoogleMaps.bundle/default_marker.png
2018-09-19 15:07:55 +0000  copying file ./GoogleMaps.bundle/oss_licenses_maps.txt.gz ... 
2018-09-19 15:07:55 +0000  22555 bytes for ./GoogleMaps.bundle/oss_licenses_maps.txt.gz
copying file ./GoogleMaps.bundle/bubble_right.png ... 
2018-09-19 15:07:55 +0000  455 bytes for ./GoogleMaps.bundle/bubble_right.png
2018-09-19 15:07:55 +0000  copying file ./GoogleMaps.bundle/default_marker@3x.png ... 
2018-09-19 15:07:55 +0000  6988 bytes for ./GoogleMaps.bundle/default_marker@3x.png
copying file ./GoogleMaps.bundle/default_marker@2x.png ... 
2018-09-19 15:07:55 +0000  2531 bytes for ./GoogleMaps.bundle/default_marker@2x.png
2018-09-19 15:07:55 +0000  copying file ./GoogleMaps.bundle/GMSCacheStorage.momd/Storage.mom ... 
2018-09-19 15:07:55 +0000  4576 bytes for ./GoogleMaps.bundle/GMSCacheStorage.momd/Storage.mom
2018-09-19 15:07:55 +0000  copying file ./GoogleMaps.bundle/GMSCacheStorage.momd/VersionInfo.plist ... 
2018-09-19 15:07:55 +0000  807 bytes for ./GoogleMaps.bundle/GMSCacheStorage.momd/VersionInfo.plist
2018-09-19 15:07:55 +0000  copying file ./GoogleMaps.bundle/GMSCacheStorage.momd/StorageWithTileVersionID.omo ... 
2018-09-19 15:07:55 +0000  10296 bytes for ./GoogleMaps.bundle/GMSCacheStorage.momd/StorageWithTileVersionID.omo
2018-09-19 15:07:55 +0000  copying file ./GoogleMaps.bundle/GMSCacheStorage.momd/StorageWithTileVersionID.mom ... 
2018-09-19 15:07:55 +0000  4682 bytes for ./GoogleMaps.bundle/GMSCacheStorage.momd/StorageWithTileVersionID.mom
2018-09-19 15:07:55 +0000  copying file ./GoogleMaps.bundle/Info.plist ... 
2018-09-19 15:07:55 +0000  499 bytes for ./GoogleMaps.bundle/Info.plist
2018-09-19 15:07:55 +0000  copying file ./Comfortaa-Light.ttf ... 
2018-09-19 15:07:55 +0000  128280 bytes for ./Comfortaa-Light.ttf
2018-09-19 15:07:55 +0000  copying file ./MaterialCommunityIcons.ttf ... 
2018-09-19 15:07:55 +0000  322456 bytes for ./MaterialCommunityIcons.ttf
copying file ./AppIcon60x60@2x.png ... 
2018-09-19 15:07:55 +0000  8052 bytes for ./AppIcon60x60@2x.png
2018-09-19 15:07:55 +0000  copying file ./AppIcon29x29@2x.png ... 
2018-09-19 15:07:55 +0000  4572 bytes for ./AppIcon29x29@2x.png
copying file ./AppIcon40x40@3x.png ... 
2018-09-19 15:07:55 +0000  8052 bytes for ./AppIcon40x40@3x.png
2018-09-19 15:07:55 +0000  copying file ./Foundation.ttf ... 
2018-09-19 15:07:55 +0000  56976 bytes for ./Foundation.ttf
copying file ./AppIcon29x29~ipad.png ... 
2018-09-19 15:07:55 +0000  2792 bytes for ./AppIcon29x29~ipad.png
copying file ./Ionicons.ttf ... 
2018-09-19 15:07:55 +0000  143936 bytes for ./Ionicons.ttf
copying file ./AppIcon40x40@2x.png ... 
2018-09-19 15:07:55 +0000  5869 bytes for ./AppIcon40x40@2x.png
2018-09-19 15:07:55 +0000  copying file ./AppIcon29x29@3x.png ... 
2018-09-19 15:07:55 +0000  6340 bytes for ./AppIcon29x29@3x.png
2018-09-19 15:07:55 +0000  copying file ./FacebookSDKStrings.bundle/Resources/de.lproj/FacebookSDK.strings ... 
2018-09-19 15:07:55 +0000  5174 bytes for ./FacebookSDKStrings.bundle/Resources/de.lproj/FacebookSDK.strings
2018-09-19 15:07:55 +0000  copying file ./FacebookSDKStrings.bundle/Resources/he.lproj/FacebookSDK.strings ... 
2018-09-19 15:07:55 +0000  5282 bytes for ./FacebookSDKStrings.bundle/Resources/he.lproj/FacebookSDK.strings
2018-09-19 15:07:55 +0000  copying file ./FacebookSDKStrings.bundle/Resources/ar.lproj/FacebookSDK.strings ... 
2018-09-19 15:07:55 +0000  5603 bytes for ./FacebookSDKStrings.bundle/Resources/ar.lproj/FacebookSDK.strings
2018-09-19 15:07:55 +0000  copying file ./FacebookSDKStrings.bundle/Resources/el.lproj/FacebookSDK.strings ... 
2018-09-19 15:07:55 +0000  6162 bytes for ./FacebookSDKStrings.bundle/Resources/el.lproj/FacebookSDK.strings
2018-09-19 15:07:55 +0000  copying file ./FacebookSDKStrings.bundle/Resources/ja.lproj/FacebookSDK.strings ... 
2018-09-19 15:07:55 +0000  5419 bytes for ./FacebookSDKStrings.bundle/Resources/ja.lproj/FacebookSDK.strings
2018-09-19 15:07:55 +0000  copying file ./FacebookSDKStrings.bundle/Resources/mr.lproj/FacebookSDK.strings ... 
2018-09-19 15:07:55 +0000  6747 bytes for ./FacebookSDKStrings.bundle/Resources/mr.lproj/FacebookSDK.strings
2018-09-19 15:07:55 +0000  copying file ./FacebookSDKStrings.bundle/Resources/en.lproj/FacebookSDK.strings ... 
2018-09-19 15:07:55 +0000  9126 bytes for ./FacebookSDKStrings.bundle/Resources/en.lproj/FacebookSDK.strings
2018-09-19 15:07:55 +0000  copying file ./FacebookSDKStrings.bundle/Resources/gu.lproj/FacebookSDK.strings ... 
2018-09-19 15:07:55 +0000  6757 bytes for ./FacebookSDKStrings.bundle/Resources/gu.lproj/FacebookSDK.strings
2018-09-19 15:07:55 +0000  copying file ./FacebookSDKStrings.bundle/Resources/kn.lproj/FacebookSDK.strings ... 
2018-09-19 15:07:55 +0000  5977 bytes for ./FacebookSDKStrings.bundle/Resources/kn.lproj/FacebookSDK.strings
2018-09-19 15:07:55 +0000  copying file ./FacebookSDKStrings.bundle/Resources/nb.lproj/FacebookSDK.strings ... 
2018-09-19 15:07:55 +0000  4911 bytes for ./FacebookSDKStrings.bundle/Resources/nb.lproj/FacebookSDK.strings
2018-09-19 15:07:55 +0000  copying file ./FacebookSDKStrings.bundle/Resources/pa.lproj/FacebookSDK.strings ... 
2018-09-19 15:07:55 +0000  6874 bytes for ./FacebookSDKStrings.bundle/Resources/pa.lproj/FacebookSDK.strings
2018-09-19 15:07:55 +0000  copying file ./FacebookSDKStrings.bundle/Resources/es.lproj/FacebookSDK.strings ... 
2018-09-19 15:07:55 +0000  5110 bytes for ./FacebookSDKStrings.bundle/Resources/es.lproj/FacebookSDK.strings
2018-09-19 15:07:55 +0000  copying file ./FacebookSDKStrings.bundle/Resources/da.lproj/FacebookSDK.strings ... 
2018-09-19 15:07:55 +0000  4975 bytes for ./FacebookSDKStrings.bundle/Resources/da.lproj/FacebookSDK.strings
2018-09-19 15:07:55 +0000  copying file ./FacebookSDKStrings.bundle/Resources/it.lproj/FacebookSDK.strings ... 
2018-09-19 15:07:55 +0000  5016 bytes for ./FacebookSDKStrings.bundle/Resources/it.lproj/FacebookSDK.strings
2018-09-19 15:07:55 +0000  copying file ./FacebookSDKStrings.bundle/Resources/sk.lproj/FacebookSDK.strings ... 
2018-09-19 15:07:55 +0000  5130 bytes for ./FacebookSDKStrings.bundle/Resources/sk.lproj/FacebookSDK.strings
2018-09-19 15:07:55 +0000  copying file ./FacebookSDKStrings.bundle/Resources/pt_PT.lproj/FacebookSDK.strings ... 
2018-09-19 15:07:55 +0000  5139 bytes for ./FacebookSDKStrings.bundle/Resources/pt_PT.lproj/FacebookSDK.strings
2018-09-19 15:07:55 +0000  copying file ./FacebookSDKStrings.bundle/Resources/ms.lproj/FacebookSDK.strings ... 
2018-09-19 15:07:55 +0000  4990 bytes for ./FacebookSDKStrings.bundle/Resources/ms.lproj/FacebookSDK.strings
2018-09-19 15:07:55 +0000  copying file ./FacebookSDKStrings.bundle/Resources/ta.lproj/FacebookSDK.strings ... 
2018-09-19 15:07:55 +0000  7039 bytes for ./FacebookSDKStrings.bundle/Resources/ta.lproj/FacebookSDK.strings
2018-09-19 15:07:55 +0000  copying file ./FacebookSDKStrings.bundle/Resources/ml.lproj/FacebookSDK.strings ... 
2018-09-19 15:07:55 +0000  7388 bytes for ./FacebookSDKStrings.bundle/Resources/ml.lproj/FacebookSDK.strings
2018-09-19 15:07:55 +0000  copying file ./FacebookSDKStrings.bundle/Resources/sv.lproj/FacebookSDK.strings ... 
2018-09-19 15:07:55 +0000  4940 bytes for ./FacebookSDKStrings.bundle/Resources/sv.lproj/FacebookSDK.strings
2018-09-19 15:07:55 +0000  copying file ./FacebookSDKStrings.bundle/Resources/te.lproj/FacebookSDK.strings ... 
2018-09-19 15:07:55 +0000  7083 bytes for ./FacebookSDKStrings.bundle/Resources/te.lproj/FacebookSDK.strings
2018-09-19 15:07:55 +0000  copying file ./FacebookSDKStrings.bundle/Resources/cs.lproj/FacebookSDK.strings ... 
2018-09-19 15:07:55 +0000  5115 bytes for ./FacebookSDKStrings.bundle/Resources/cs.lproj/FacebookSDK.strings
2018-09-19 15:07:55 +0000  copying file ./FacebookSDKStrings.bundle/Resources/ko.lproj/FacebookSDK.strings ... 
2018-09-19 15:07:55 +0000  5137 bytes for ./FacebookSDKStrings.bundle/Resources/ko.lproj/FacebookSDK.strings
2018-09-19 15:07:55 +0000  copying file ./FacebookSDKStrings.bundle/Resources/fil.lproj/FacebookSDK.strings ... 
2018-09-19 15:07:55 +0000  5137 bytes for ./FacebookSDKStrings.bundle/Resources/fil.lproj/FacebookSDK.strings
2018-09-19 15:07:55 +0000  copying file ./FacebookSDKStrings.bundle/Resources/hu.lproj/FacebookSDK.strings ... 
2018-09-19 15:07:55 +0000  5233 bytes for ./FacebookSDKStrings.bundle/Resources/hu.lproj/FacebookSDK.strings
2018-09-19 15:07:55 +0000  copying file ./FacebookSDKStrings.bundle/Resources/tr.lproj/FacebookSDK.strings ... 
2018-09-19 15:07:55 +0000  5006 bytes for ./FacebookSDKStrings.bundle/Resources/tr.lproj/FacebookSDK.strings
2018-09-19 15:07:55 +0000  copying file ./FacebookSDKStrings.bundle/Resources/pl.lproj/FacebookSDK.strings ... 
2018-09-19 15:07:55 +0000  5086 bytes for ./FacebookSDKStrings.bundle/Resources/pl.lproj/FacebookSDK.strings
2018-09-19 15:07:55 +0000  copying file ./FacebookSDKStrings.bundle/Resources/en_GB.lproj/FacebookSDK.strings ... 
2018-09-19 15:07:55 +0000  4509 bytes for ./FacebookSDKStrings.bundle/Resources/en_GB.lproj/FacebookSDK.strings
2018-09-19 15:07:55 +0000  copying file ./FacebookSDKStrings.bundle/Resources/zh_Hant_TW.lproj/FacebookSDK.strings ... 
2018-09-19 15:07:55 +0000  4891 bytes for ./FacebookSDKStrings.bundle/Resources/zh_Hant_TW.lproj/FacebookSDK.strings
2018-09-19 15:07:55 +0000  copying file ./FacebookSDKStrings.bundle/Resources/vi.lproj/FacebookSDK.strings ... 
2018-09-19 15:07:55 +0000  5393 bytes for ./FacebookSDKStrings.bundle/Resources/vi.lproj/FacebookSDK.strings
2018-09-19 15:07:55 +0000  copying file ./FacebookSDKStrings.bundle/Resources/ru.lproj/FacebookSDK.strings ... 
2018-09-19 15:07:55 +0000  5711 bytes for ./FacebookSDKStrings.bundle/Resources/ru.lproj/FacebookSDK.strings
2018-09-19 15:07:55 +0000  copying file ./FacebookSDKStrings.bundle/Resources/zh_Hant_HK.lproj/FacebookSDK.strings ... 
2018-09-19 15:07:55 +0000  4853 bytes for ./FacebookSDKStrings.bundle/Resources/zh_Hant_HK.lproj/FacebookSDK.strings
2018-09-19 15:07:55 +0000  copying file ./FacebookSDKStrings.bundle/Resources/af.lproj/FacebookSDK.strings ... 
2018-09-19 15:07:55 +0000  5014 bytes for ./FacebookSDKStrings.bundle/Resources/af.lproj/FacebookSDK.strings
2018-09-19 15:07:55 +0000  copying file ./FacebookSDKStrings.bundle/Resources/es_ES.lproj/FacebookSDK.strings ... 
2018-09-19 15:07:55 +0000  5128 bytes for ./FacebookSDKStrings.bundle/Resources/es_ES.lproj/FacebookSDK.strings
2018-09-19 15:07:55 +0000  copying file ./FacebookSDKStrings.bundle/Resources/fr.lproj/FacebookSDK.strings ... 
2018-09-19 15:07:55 +0000  5228 bytes for ./FacebookSDKStrings.bundle/Resources/fr.lproj/FacebookSDK.strings
2018-09-19 15:07:55 +0000  copying file ./FacebookSDKStrings.bundle/Resources/fi.lproj/FacebookSDK.strings ... 
2018-09-19 15:07:55 +0000  5096 bytes for ./FacebookSDKStrings.bundle/Resources/fi.lproj/FacebookSDK.strings
2018-09-19 15:07:55 +0000  copying file ./FacebookSDKStrings.bundle/Resources/id.lproj/FacebookSDK.strings ... 
2018-09-19 15:07:55 +0000  4932 bytes for ./FacebookSDKStrings.bundle/Resources/id.lproj/FacebookSDK.strings
2018-09-19 15:07:55 +0000  copying file ./FacebookSDKStrings.bundle/Resources/nl.lproj/FacebookSDK.strings ... 
2018-09-19 15:07:55 +0000  5014 bytes for ./FacebookSDKStrings.bundle/Resources/nl.lproj/FacebookSDK.strings
2018-09-19 15:07:55 +0000  copying file ./FacebookSDKStrings.bundle/Resources/th.lproj/FacebookSDK.strings ... 
2018-09-19 15:07:55 +0000  6758 bytes for ./FacebookSDKStrings.bundle/Resources/th.lproj/FacebookSDK.strings
2018-09-19 15:07:55 +0000  copying file ./FacebookSDKStrings.bundle/Resources/pt.lproj/FacebookSDK.strings ... 
2018-09-19 15:07:55 +0000  5043 bytes for ./FacebookSDKStrings.bundle/Resources/pt.lproj/FacebookSDK.strings
2018-09-19 15:07:55 +0000  copying file ./FacebookSDKStrings.bundle/Resources/bn.lproj/FacebookSDK.strings ... 
2018-09-19 15:07:55 +0000  7025 bytes for ./FacebookSDKStrings.bundle/Resources/bn.lproj/FacebookSDK.strings
2018-09-19 15:07:55 +0000  copying file ./FacebookSDKStrings.bundle/Resources/hr.lproj/FacebookSDK.strings ... 
2018-09-19 15:07:55 +0000  4978 bytes for ./FacebookSDKStrings.bundle/Resources/hr.lproj/FacebookSDK.strings
2018-09-19 15:07:55 +0000  copying file ./FacebookSDKStrings.bundle/Resources/hi.lproj/FacebookSDK.strings ... 
2018-09-19 15:07:55 +0000  6785 bytes for ./FacebookSDKStrings.bundle/Resources/hi.lproj/FacebookSDK.strings
2018-09-19 15:07:55 +0000  copying file ./FacebookSDKStrings.bundle/Resources/zh.lproj/FacebookSDK.strings ... 
2018-09-19 15:07:55 +0000  4833 bytes for ./FacebookSDKStrings.bundle/Resources/zh.lproj/FacebookSDK.strings
2018-09-19 15:07:55 +0000  copying file ./AppIcon60x60@3x.png ... 
2018-09-19 15:07:55 +0000  10943 bytes for ./AppIcon60x60@3x.png
2018-09-19 15:07:55 +0000  copying file ./rubicon-icon-font.ttf ... 
2018-09-19 15:07:55 +0000  10208 bytes for ./rubicon-icon-font.ttf
2018-09-19 15:07:55 +0000  copying file ./Base.lproj/LaunchScreen.nib ... 
2018-09-19 15:07:55 +0000  3104 bytes for ./Base.lproj/LaunchScreen.nib
2018-09-19 15:07:55 +0000  copying file ./FontAwesome.ttf ... 
2018-09-19 15:07:55 +0000  165548 bytes for ./FontAwesome.ttf
2018-09-19 15:07:55 +0000  copying file ./Zocial.ttf ... 
2018-09-19 15:07:55 +0000  25552 bytes for ./Zocial.ttf
2018-09-19 15:07:55 +0000  copying file ./Roboto.ttf ... 
2018-09-19 15:07:55 +0000  145348 bytes for ./Roboto.ttf
2018-09-19 15:07:55 +0000  copying file ./Assets.car ... 
2018-09-19 15:07:55 +0000  219064 bytes for ./Assets.car
copying file ./main.jsbundle.meta ... 
2018-09-19 15:07:55 +0000  21 bytes for ./main.jsbundle.meta
2018-09-19 15:07:55 +0000  copying file ./AppIcon40x40@2x~ipad.png ... 
2018-09-19 15:07:55 +0000  5869 bytes for ./AppIcon40x40@2x~ipad.png
2018-09-19 15:07:55 +0000  copying file ./EvilIcons.ttf ... 
2018-09-19 15:07:55 +0000  13128 bytes for ./EvilIcons.ttf
2018-09-19 15:07:55 +0000  copying file ./AppIcon76x76@2x~ipad.png ... 
2018-09-19 15:07:55 +0000  9611 bytes for ./AppIcon76x76@2x~ipad.png
2018-09-19 15:07:55 +0000  copying file ./main.jsbundle ... 
2018-09-19 15:07:55 +0000  2854649 bytes for ./main.jsbundle
2018-09-19 15:07:55 +0000  copying file ./AppIcon83.5x83.5@2x~ipad.png ... 
10470 bytes for ./AppIcon83.5x83.5@2x~ipad.png
copying file ./DokoDemo ... 
2018-09-19 15:07:55 +0000  130560128 bytes for ./DokoDemo
2018-09-19 15:07:55 +0000  copying file ./AppIcon29x29@2x~ipad.png ... 
4572 bytes for ./AppIcon29x29@2x~ipad.png
copying file ./Comfortaa-Regular.ttf ... 
127916 bytes for ./Comfortaa-Regular.ttf
copying file ./AppIcon40x40~ipad.png ... 
3480 bytes for ./AppIcon40x40~ipad.png
copying file ./AppIcon20x20~ipad.png ... 
2196 bytes for ./AppIcon20x20~ipad.png
copying file ./SimpleLineIcons.ttf ... 
54056 bytes for ./SimpleLineIcons.ttf
copying file ./embedded.mobileprovision ... 
9815 bytes for ./embedded.mobileprovision
copying file ./assets/node_modules/react-navigation-stack/dist/views/assets/back-icon@3x.png ... 
761 bytes for ./assets/node_modules/react-navigation-stack/dist/views/assets/back-icon@3x.png
copying file ./assets/node_modules/react-navigation-stack/dist/views/assets/back-icon@2x.png ... 
2018-09-19 15:07:55 +0000  405 bytes for ./assets/node_modules/react-navigation-stack/dist/views/assets/back-icon@2x.png
copying file ./assets/node_modules/react-navigation-stack/dist/views/assets/back-icon.png ... 
2018-09-19 15:07:55 +0000  290 bytes for ./assets/node_modules/react-navigation-stack/dist/views/assets/back-icon.png
copying file ./assets/node_modules/react-navigation-stack/dist/views/assets/back-icon-mask.png ... 
2018-09-19 15:07:55 +0000  659 bytes for ./assets/node_modules/react-navigation-stack/dist/views/assets/back-icon-mask.png
2018-09-19 15:07:55 +0000  copying file ./assets/assets/images/appLogo.png ... 
2018-09-19 15:07:55 +0000  605648 bytes for ./assets/assets/images/appLogo.png
2018-09-19 15:07:55 +0000  copying file ./assets/assets/images/default.png ... 
16450 bytes for ./assets/assets/images/default.png
copying file ./AppIcon20x20@2x~ipad.png ... 
2018-09-19 15:07:55 +0000  3480 bytes for ./AppIcon20x20@2x~ipad.png
copying file ./Info.plist ... 
2018-09-19 15:07:55 +0000  2082 bytes for ./Info.plist
copying file ./PkgInfo ... 
2018-09-19 15:07:55 +0000  8 bytes for ./PkgInfo
copying file ./MaterialIcons.ttf ... 
2018-09-19 15:07:55 +0000  128180 bytes for ./MaterialIcons.ttf
2018-09-19 15:07:55 +0000  copying file ./Comfortaa-Bold.ttf ... 
2018-09-19 15:07:55 +0000  127900 bytes for ./Comfortaa-Bold.ttf
copying file ./AppIcon76x76~ipad.png ... 
2018-09-19 15:07:55 +0000  5844 bytes for ./AppIcon76x76~ipad.png
2018-09-19 15:07:55 +0000  2018-09-19 15:07:55 +0000  

2018-09-19 15:07:55 +0000  /usr/bin/ditto exited with 0
2018-09-19 15:07:55 +0000  2018-09-19 15:07:55 +0000  

2018-09-19 15:07:55 +0000  Processing step: IDEDistributionEmbedProfileStep
2018-09-19 15:07:55 +0000  Processing step: IDEDistributionItemRemovalStep
2018-09-19 15:07:55 +0000  Processing step: IDEDistributionAppThinningPlistStep
2018-09-19 15:07:55 +0000  Skipping step: IDEDistributionAppThinningPlistStep because it said so
2018-09-19 15:07:55 +0000  Processing step: IDEDistributionCompileBitcodeStep
2018-09-19 15:07:55 +0000  Skipping step: IDEDistributionCompileBitcodeStep because it said so
2018-09-19 15:07:55 +0000  Processing step: IDEDistributionCodeSlimmingStep
2018-09-19 15:07:55 +0000  Processing step: IDEDistributionCopyBCSymbolMapsStep
2018-09-19 15:07:56 +0000  Running /usr/bin/ditto '-V' '/Users/iliat-macmini/Library/Developer/Xcode/Archives/2018-09-19/DokoDemo 9-19-18, 9.56 PM.xcarchive/BCSymbolMaps/BC8AEB1B-8964-3C81-B67E-8779A4A436CA.bcsymbolmap' '/var/folders/b7/rskpkmb166x36kbgs0y2ry2c0000gn/T/XcodeDistPipeline.vG3/Root/BCSymbolMaps/BC8AEB1B-8964-3C81-B67E-8779A4A436CA.bcsymbolmap'
2018-09-19 15:07:56 +0000  >>> Copying /Users/iliat-macmini/Library/Developer/Xcode/Archives/2018-09-19/DokoDemo 9-19-18, 9.56 PM.xcarchive/BCSymbolMaps/BC8AEB1B-8964-3C81-B67E-8779A4A436CA.bcsymbolmap 
2018-09-19 15:07:56 +0000  copying file ./BC8AEB1B-8964-3C81-B67E-8779A4A436CA.bcsymbolmap ... 
2018-09-19 15:07:56 +0000  2399674 bytes for ./BC8AEB1B-8964-3C81-B67E-8779A4A436CA.bcsymbolmap
2018-09-19 15:07:56 +0000  2018-09-19 15:07:56 +0000  /usr/bin/ditto exited with 0

2018-09-19 15:07:56 +0000  
2018-09-19 15:07:56 +0000  Running /usr/bin/ditto '-V' '/Users/iliat-macmini/Library/Developer/Xcode/Archives/2018-09-19/DokoDemo 9-19-18, 9.56 PM.xcarchive/BCSymbolMaps/FF2BFBD0-DA84-32B6-A752-34D4414C560A.bcsymbolmap' '/var/folders/b7/rskpkmb166x36kbgs0y2ry2c0000gn/T/XcodeDistPipeline.vG3/Root/BCSymbolMaps/FF2BFBD0-DA84-32B6-A752-34D4414C560A.bcsymbolmap'
2018-09-19 15:07:56 +0000  >>> Copying /Users/iliat-macmini/Library/Developer/Xcode/Archives/2018-09-19/DokoDemo 9-19-18, 9.56 PM.xcarchive/BCSymbolMaps/FF2BFBD0-DA84-32B6-A752-34D4414C560A.bcsymbolmap 
2018-09-19 15:07:56 +0000  copying file ./FF2BFBD0-DA84-32B6-A752-34D4414C560A.bcsymbolmap ... 
2018-09-19 15:07:56 +0000  2409295 bytes for ./FF2BFBD0-DA84-32B6-A752-34D4414C560A.bcsymbolmap
2018-09-19 15:07:56 +0000  2018-09-19 15:07:56 +0000  /usr/bin/ditto exited with 0

2018-09-19 15:07:56 +0000  
2018-09-19 15:07:56 +0000  Processing step: IDEDistributionSymbolsStep
2018-09-19 15:07:56 +0000  Excluding symbols for DokoDemo.app
2018-09-19 15:07:56 +0000  Processing step: IDEDistributionCopyAppleProvidedContentStep
2018-09-19 15:07:56 +0000  Processing step: IDEDistributionAppThinningStep
2018-09-19 15:07:56 +0000  Skipping step: IDEDistributionAppThinningStep because it said so
2018-09-19 15:07:56 +0000  Processing step: IDEDistributionODRStep
2018-09-19 15:07:56 +0000  Processing step: IDEDistributionStripXattrsStep
2018-09-19 15:07:56 +0000  Running /usr/bin/xattr '-crs' '/var/folders/b7/rskpkmb166x36kbgs0y2ry2c0000gn/T/XcodeDistPipeline.vG3/Root/Payload/DokoDemo.app'
2018-09-19 15:07:56 +0000  2018-09-19 15:07:56 +0000  

2018-09-19 15:07:56 +0000  /usr/bin/xattr exited with 0
2018-09-19 15:07:56 +0000  2018-09-19 15:07:56 +0000  

2018-09-19 15:07:56 +0000  Processing step: IDEDistributionCodesignStep
2018-09-19 15:07:56 +0000  Entitlements for <IDEDistributionItem: 0x7fb715a55b40 'com.ando.DokoDemo' '<DVTFilePath:0x7fb71f46ae40:'/Users/iliat-macmini/Library/Developer/Xcode/Archives/2018-09-19/DokoDemo 9-19-18, 9.56 PM.xcarchive/Products/Applications/DokoDemo.app'>'>: {
    "application-identifier" = "3C7VUZNULA.com.ando.DokoDemo";
    "beta-reports-active" = 1;
    "com.apple.developer.team-identifier" = 3C7VUZNULA;
    "get-task-allow" = 0;
    "keychain-access-groups" =     (
        "3C7VUZNULA.com.ando.DokoDemo"
    );
}
2018-09-19 15:07:56 +0000  Writing entitlements for <IDEDistributionItem: 0x7fb715a55b40 'com.ando.DokoDemo' '<DVTFilePath:0x7fb71f46ae40:'/Users/iliat-macmini/Library/Developer/Xcode/Archives/2018-09-19/DokoDemo 9-19-18, 9.56 PM.xcarchive/Products/Applications/DokoDemo.app'>'> to: /var/folders/b7/rskpkmb166x36kbgs0y2ry2c0000gn/T/XcodeDistPipeline.vG3/entitlementsc4NksB
2018-09-19 15:07:56 +0000  Running /usr/bin/codesign '-vvv' '--force' '--sign' '915997C186B50E2EC72A6D6F193675B2D22380F5' '--preserve-metadata=identifier,flags' '--entitlements' '/var/folders/b7/rskpkmb166x36kbgs0y2ry2c0000gn/T/XcodeDistPipeline.vG3/entitlementsc4NksB' '/var/folders/b7/rskpkmb166x36kbgs0y2ry2c0000gn/T/XcodeDistPipeline.vG3/Root/Payload/DokoDemo.app'
2018-09-19 15:07:57 +0000  /var/folders/b7/rskpkmb166x36kbgs0y2ry2c0000gn/T/XcodeDistPipeline.vG3/Root/Payload/DokoDemo.app: signed app bundle with Mach-O universal (armv7 arm64) [com.ando.DokoDemo]
2018-09-19 15:07:57 +0000  
2018-09-19 15:07:57 +0000  2018-09-19 15:07:57 +0000  /usr/bin/codesign exited with 0
2018-09-19 15:07:57 +0000  

2018-09-19 15:07:57 +0000  Processing step: IDEDistributionStreamingZipItemStep
2018-09-19 15:07:57 +0000  Skipping step: IDEDistributionStreamingZipItemStep because it said so
2018-09-19 15:07:57 +0000  Processing step: IDEDistributionCreateIPAStep
2018-09-19 15:07:57 +0000  Running /usr/bin/ditto '-V' '-c' '-k' '--norsrc' '/var/folders/b7/rskpkmb166x36kbgs0y2ry2c0000gn/T/XcodeDistPipeline.vG3/Root' '/var/folders/b7/rskpkmb166x36kbgs0y2ry2c0000gn/T/XcodeDistPipeline.vG3/Packages/DokoDemo.ipa'
2018-09-19 15:07:57 +0000  >>> Copying /var/folders/b7/rskpkmb166x36kbgs0y2ry2c0000gn/T/XcodeDistPipeline.vG3/Root 
2018-09-19 15:07:57 +0000  copying file ./BCSymbolMaps/FF2BFBD0-DA84-32B6-A752-34D4414C560A.bcsymbolmap ... 
2018-09-19 15:07:58 +0000  2409295 bytes for ./BCSymbolMaps/FF2BFBD0-DA84-32B6-A752-34D4414C560A.bcsymbolmap
copying file ./BCSymbolMaps/BC8AEB1B-8964-3C81-B67E-8779A4A436CA.bcsymbolmap ... 
2018-09-19 15:07:58 +0000  2399674 bytes for ./BCSymbolMaps/BC8AEB1B-8964-3C81-B67E-8779A4A436CA.bcsymbolmap
2018-09-19 15:07:58 +0000  copying file ./Payload/DokoDemo.app/_CodeSignature/CodeResources ... 
2018-09-19 15:07:58 +0000  84941 bytes for ./Payload/DokoDemo.app/_CodeSignature/CodeResources
2018-09-19 15:07:58 +0000  copying file ./Payload/DokoDemo.app/Octicons.ttf ... 
2018-09-19 15:07:58 +0000  27520 bytes for ./Payload/DokoDemo.app/Octicons.ttf
copying file ./Payload/DokoDemo.app/Feather.ttf ... 
2018-09-19 15:07:58 +0000  55288 bytes for ./Payload/DokoDemo.app/Feather.ttf
copying file ./Payload/DokoDemo.app/Roboto_medium.ttf ... 
2018-09-19 15:07:58 +0000  137308 bytes for ./Payload/DokoDemo.app/Roboto_medium.ttf
copying file ./Payload/DokoDemo.app/AppIcon20x20@2x.png ... 
2018-09-19 15:07:58 +0000  3480 bytes for ./Payload/DokoDemo.app/AppIcon20x20@2x.png
copying file ./Payload/DokoDemo.app/Entypo.ttf ... 
2018-09-19 15:07:58 +0000  65584 bytes for ./Payload/DokoDemo.app/Entypo.ttf
copying file ./Payload/DokoDemo.app/AppIcon20x20@3x.png ... 
2018-09-19 15:07:58 +0000  4736 bytes for ./Payload/DokoDemo.app/AppIcon20x20@3x.png
2018-09-19 15:07:58 +0000  copying file ./Payload/DokoDemo.app/GoogleMaps.bundle/bubble_left@3x.png ... 
2018-09-19 15:07:58 +0000  2386 bytes for ./Payload/DokoDemo.app/GoogleMaps.bundle/bubble_left@3x.png
copying file ./Payload/DokoDemo.app/GoogleMaps.bundle/bubble_left.png ... 
2018-09-19 15:07:58 +0000  451 bytes for ./Payload/DokoDemo.app/GoogleMaps.bundle/bubble_left.png
copying file ./Payload/DokoDemo.app/GoogleMaps.bundle/bubble_left@2x.png ... 
2018-09-19 15:07:58 +0000  1055 bytes for ./Payload/DokoDemo.app/GoogleMaps.bundle/bubble_left@2x.png
copying file ./Payload/DokoDemo.app/GoogleMaps.bundle/bubble_right@3x.png ... 
2018-09-19 15:07:58 +0000  2374 bytes for ./Payload/DokoDemo.app/GoogleMaps.bundle/bubble_right@3x.png
copying file ./Payload/DokoDemo.app/GoogleMaps.bundle/bubble_right@2x.png ... 
2018-09-19 15:07:58 +0000  1051 bytes for ./Payload/DokoDemo.app/GoogleMaps.bundle/bubble_right@2x.png
2018-09-19 15:07:58 +0000  copying file ./Payload/DokoDemo.app/GoogleMaps.bundle/GMSCoreResources.bundle/de.lproj/GMSCore.strings ... 
2018-09-19 15:07:58 +0000  849 bytes for ./Payload/DokoDemo.app/GoogleMaps.bundle/GMSCoreResources.bundle/de.lproj/GMSCore.strings
2018-09-19 15:07:58 +0000  copying file ./Payload/DokoDemo.app/GoogleMaps.bundle/GMSCoreResources.bundle/he.lproj/GMSCore.strings ... 
2018-09-19 15:07:58 +0000  930 bytes for ./Payload/DokoDemo.app/GoogleMaps.bundle/GMSCoreResources.bundle/he.lproj/GMSCore.strings
copying file ./Payload/DokoDemo.app/GoogleMaps.bundle/GMSCoreResources.bundle/en_AU.lproj/GMSCore.strings ... 
2018-09-19 15:07:58 +0000  801 bytes for ./Payload/DokoDemo.app/GoogleMaps.bundle/GMSCoreResources.bundle/en_AU.lproj/GMSCore.strings
2018-09-19 15:07:58 +0000  copying file ./Payload/DokoDemo.app/GoogleMaps.bundle/GMSCoreResources.bundle/ar.lproj/GMSCore.strings ... 
2018-09-19 15:07:58 +0000  992 bytes for ./Payload/DokoDemo.app/GoogleMaps.bundle/GMSCoreResources.bundle/ar.lproj/GMSCore.strings
2018-09-19 15:07:58 +0000  copying file ./Payload/DokoDemo.app/GoogleMaps.bundle/GMSCoreResources.bundle/el.lproj/GMSCore.strings ... 
2018-09-19 15:07:58 +0000  996 bytes for ./Payload/DokoDemo.app/GoogleMaps.bundle/GMSCoreResources.bundle/el.lproj/GMSCore.strings
copying file ./Payload/DokoDemo.app/GoogleMaps.bundle/GMSCoreResources.bundle/ja.lproj/GMSCore.strings ... 
2018-09-19 15:07:58 +0000  776 bytes for ./Payload/DokoDemo.app/GoogleMaps.bundle/GMSCoreResources.bundle/ja.lproj/GMSCore.strings
2018-09-19 15:07:58 +0000  copying file ./Payload/DokoDemo.app/GoogleMaps.bundle/GMSCoreResources.bundle/iw.lproj/GMSCore.strings ... 
2018-09-19 15:07:58 +0000  930 bytes for ./Payload/DokoDemo.app/GoogleMaps.bundle/GMSCoreResources.bundle/iw.lproj/GMSCore.strings
2018-09-19 15:07:58 +0000  copying file ./Payload/DokoDemo.app/GoogleMaps.bundle/GMSCoreResources.bundle/ic_qu_direction_mylocation@2x.png ... 
2018-09-19 15:07:58 +0000  663 bytes for ./Payload/DokoDemo.app/GoogleMaps.bundle/GMSCoreResources.bundle/ic_qu_direction_mylocation@2x.png
copying file ./Payload/DokoDemo.app/GoogleMaps.bundle/GMSCoreResources.bundle/en.lproj/GMSCore.strings ... 
2018-09-19 15:07:58 +0000  801 bytes for ./Payload/DokoDemo.app/GoogleMaps.bundle/GMSCoreResources.bundle/en.lproj/GMSCore.strings
2018-09-19 15:07:58 +0000  copying file ./Payload/DokoDemo.app/GoogleMaps.bundle/GMSCoreResources.bundle/uk.lproj/GMSCore.strings ... 
982 bytes for ./Payload/DokoDemo.app/GoogleMaps.bundle/GMSCoreResources.bundle/uk.lproj/GMSCore.strings
2018-09-19 15:07:58 +0000  copying file ./Payload/DokoDemo.app/GoogleMaps.bundle/GMSCoreResources.bundle/ic_qu_direction_mylocation.png ... 
2018-09-19 15:07:58 +0000  362 bytes for ./Payload/DokoDemo.app/GoogleMaps.bundle/GMSCoreResources.bundle/ic_qu_direction_mylocation.png
copying file ./Payload/DokoDemo.app/GoogleMaps.bundle/GMSCoreResources.bundle/es_419.lproj/GMSCore.strings ... 
2018-09-19 15:07:58 +0000  1016 bytes for ./Payload/DokoDemo.app/GoogleMaps.bundle/GMSCoreResources.bundle/es_419.lproj/GMSCore.strings
copying file ./Payload/DokoDemo.app/GoogleMaps.bundle/GMSCoreResources.bundle/GMSSprites-0-1x.png ... 
2018-09-19 15:07:58 +0000  10365 bytes for ./Payload/DokoDemo.app/GoogleMaps.bundle/GMSCoreResources.bundle/GMSSprites-0-1x.png
copying file ./Payload/DokoDemo.app/GoogleMaps.bundle/GMSCoreResources.bundle/ic_compass_needle_large@2x.png ... 
2018-09-19 15:07:58 +0000  2446 bytes for ./Payload/DokoDemo.app/GoogleMaps.bundle/GMSCoreResources.bundle/ic_compass_needle_large@2x.png
2018-09-19 15:07:58 +0000  copying file ./Payload/DokoDemo.app/GoogleMaps.bundle/GMSCoreResources.bundle/ic_compass_needle_large@3x.png ... 
2018-09-19 15:07:58 +0000  3304 bytes for ./Payload/DokoDemo.app/GoogleMaps.bundle/GMSCoreResources.bundle/ic_compass_needle_large@3x.png
copying file ./Payload/DokoDemo.app/GoogleMaps.bundle/GMSCoreResources.bundle/es_MX.lproj/GMSCore.strings ... 
2018-09-19 15:07:58 +0000  1016 bytes for ./Payload/DokoDemo.app/GoogleMaps.bundle/GMSCoreResources.bundle/es_MX.lproj/GMSCore.strings
2018-09-19 15:07:58 +0000  copying file ./Payload/DokoDemo.app/GoogleMaps.bundle/GMSCoreResources.bundle/ic_compass_needle_large.png ... 
2018-09-19 15:07:58 +0000  1114 bytes for ./Payload/DokoDemo.app/GoogleMaps.bundle/GMSCoreResources.bundle/ic_compass_needle_large.png
copying file ./Payload/DokoDemo.app/GoogleMaps.bundle/GMSCoreResources.bundle/zh_CN.lproj/GMSCore.strings ... 
2018-09-19 15:07:58 +0000  748 bytes for ./Payload/DokoDemo.app/GoogleMaps.bundle/GMSCoreResources.bundle/zh_CN.lproj/GMSCore.strings
copying file ./Payload/DokoDemo.app/GoogleMaps.bundle/GMSCoreResources.bundle/ic_qu_direction_mylocation@3x.png ... 
2018-09-19 15:07:58 +0000  1240 bytes for ./Payload/DokoDemo.app/GoogleMaps.bundle/GMSCoreResources.bundle/ic_qu_direction_mylocation@3x.png
2018-09-19 15:07:58 +0000  copying file ./Payload/DokoDemo.app/GoogleMaps.bundle/GMSCoreResources.bundle/DroidSansMerged-Regular.ttf ... 
2018-09-19 15:07:58 +0000  392092 bytes for ./Payload/DokoDemo.app/GoogleMaps.bundle/GMSCoreResources.bundle/DroidSansMerged-Regular.ttf
2018-09-19 15:07:58 +0000  copying file ./Payload/DokoDemo.app/GoogleMaps.bundle/GMSCoreResources.bundle/nb.lproj/GMSCore.strings ... 
841 bytes for ./Payload/DokoDemo.app/GoogleMaps.bundle/GMSCoreResources.bundle/nb.lproj/GMSCore.strings
copying file ./Payload/DokoDemo.app/GoogleMaps.bundle/GMSCoreResources.bundle/es.lproj/GMSCore.strings ... 
2018-09-19 15:07:58 +0000  1019 bytes for ./Payload/DokoDemo.app/GoogleMaps.bundle/GMSCoreResources.bundle/es.lproj/GMSCore.strings
copying file ./Payload/DokoDemo.app/GoogleMaps.bundle/GMSCoreResources.bundle/traffic_endcap.png ... 
2018-09-19 15:07:58 +0000  210 bytes for ./Payload/DokoDemo.app/GoogleMaps.bundle/GMSCoreResources.bundle/traffic_endcap.png
2018-09-19 15:07:58 +0000  copying file ./Payload/DokoDemo.app/GoogleMaps.bundle/GMSCoreResources.bundle/pt_BR.lproj/GMSCore.strings ... 
948 bytes for ./Payload/DokoDemo.app/GoogleMaps.bundle/GMSCoreResources.bundle/pt_BR.lproj/GMSCore.strings
2018-09-19 15:07:58 +0000  copying file ./Payload/DokoDemo.app/GoogleMaps.bundle/GMSCoreResources.bundle/da.lproj/GMSCore.strings ... 
2018-09-19 15:07:58 +0000  924 bytes for ./Payload/DokoDemo.app/GoogleMaps.bundle/GMSCoreResources.bundle/da.lproj/GMSCore.strings
copying file ./Payload/DokoDemo.app/GoogleMaps.bundle/GMSCoreResources.bundle/ic_location_off@3x.png ... 
2018-09-19 15:07:58 +0000  1577 bytes for ./Payload/DokoDemo.app/GoogleMaps.bundle/GMSCoreResources.bundle/ic_location_off@3x.png
copying file ./Payload/DokoDemo.app/GoogleMaps.bundle/GMSCoreResources.bundle/it.lproj/GMSCore.strings ... 
2018-09-19 15:07:58 +0000  876 bytes for ./Payload/DokoDemo.app/GoogleMaps.bundle/GMSCoreResources.bundle/it.lproj/GMSCore.strings
2018-09-19 15:07:58 +0000  copying file ./Payload/DokoDemo.app/GoogleMaps.bundle/GMSCoreResources.bundle/sk.lproj/GMSCore.strings ... 
2018-09-19 15:07:58 +0000  904 bytes for ./Payload/DokoDemo.app/GoogleMaps.bundle/GMSCoreResources.bundle/sk.lproj/GMSCore.strings
copying file ./Payload/DokoDemo.app/GoogleMaps.bundle/GMSCoreResources.bundle/GMSNavSprites-0-3x.png ... 
2018-09-19 15:07:58 +0000  10683 bytes for ./Payload/DokoDemo.app/GoogleMaps.bundle/GMSCoreResources.bundle/GMSNavSprites-0-3x.png
2018-09-19 15:07:58 +0000  copying file ./Payload/DokoDemo.app/GoogleMaps.bundle/GMSCoreResources.bundle/pt_PT.lproj/GMSCore.strings ... 
2018-09-19 15:07:58 +0000  992 bytes for ./Payload/DokoDemo.app/GoogleMaps.bundle/GMSCoreResources.bundle/pt_PT.lproj/GMSCore.strings
copying file ./Payload/DokoDemo.app/GoogleMaps.bundle/GMSCoreResources.bundle/button_compass_night.png ... 
2018-09-19 15:07:58 +0000  720 bytes for ./Payload/DokoDemo.app/GoogleMaps.bundle/GMSCoreResources.bundle/button_compass_night.png
copying file ./Payload/DokoDemo.app/GoogleMaps.bundle/GMSCoreResources.bundle/button_my_location.png ... 
2018-09-19 15:07:58 +0000  492 bytes for ./Payload/DokoDemo.app/GoogleMaps.bundle/GMSCoreResources.bundle/button_my_location.png
copying file ./Payload/DokoDemo.app/GoogleMaps.bundle/GMSCoreResources.bundle/road_16-4.png ... 
2018-09-19 15:07:58 +0000  127 bytes for ./Payload/DokoDemo.app/GoogleMaps.bundle/GMSCoreResources.bundle/road_16-4.png
2018-09-19 15:07:58 +0000  copying file ./Payload/DokoDemo.app/GoogleMaps.bundle/GMSCoreResources.bundle/ms.lproj/GMSCore.strings ... 
2018-09-19 15:07:58 +0000  821 bytes for ./Payload/DokoDemo.app/GoogleMaps.bundle/GMSCoreResources.bundle/ms.lproj/GMSCore.strings
copying file ./Payload/DokoDemo.app/GoogleMaps.bundle/GMSCoreResources.bundle/road_256-64.png ... 
2018-09-19 15:07:58 +0000  1934 bytes for ./Payload/DokoDemo.app/GoogleMaps.bundle/GMSCoreResources.bundle/road_256-64.png
copying file ./Payload/DokoDemo.app/GoogleMaps.bundle/GMSCoreResources.bundle/button_compass.png ... 
2018-09-19 15:07:58 +0000  631 bytes for ./Payload/DokoDemo.app/GoogleMaps.bundle/GMSCoreResources.bundle/button_compass.png
2018-09-19 15:07:58 +0000  copying file ./Payload/DokoDemo.app/GoogleMaps.bundle/GMSCoreResources.bundle/sv.lproj/GMSCore.strings ... 
2018-09-19 15:07:58 +0000  893 bytes for ./Payload/DokoDemo.app/GoogleMaps.bundle/GMSCoreResources.bundle/sv.lproj/GMSCore.strings
copying file ./Payload/DokoDemo.app/GoogleMaps.bundle/GMSCoreResources.bundle/road_8-2.png ... 
2018-09-19 15:07:58 +0000  93 bytes for ./Payload/DokoDemo.app/GoogleMaps.bundle/GMSCoreResources.bundle/road_8-2.png
2018-09-19 15:07:58 +0000  copying file ./Payload/DokoDemo.app/GoogleMaps.bundle/GMSCoreResources.bundle/cs.lproj/GMSCore.strings ... 
940 bytes for ./Payload/DokoDemo.app/GoogleMaps.bundle/GMSCoreResources.bundle/cs.lproj/GMSCore.strings
2018-09-19 15:07:58 +0000  copying file ./Payload/DokoDemo.app/GoogleMaps.bundle/GMSCoreResources.bundle/button_background.png ... 
2018-09-19 15:07:58 +0000  334 bytes for ./Payload/DokoDemo.app/GoogleMaps.bundle/GMSCoreResources.bundle/button_background.png
copying file ./Payload/DokoDemo.app/GoogleMaps.bundle/GMSCoreResources.bundle/GMSNavNightModeSprites-0-1x.png ... 
2018-09-19 15:07:58 +0000  3393 bytes for ./Payload/DokoDemo.app/GoogleMaps.bundle/GMSCoreResources.bundle/GMSNavNightModeSprites-0-1x.png
copying file ./Payload/DokoDemo.app/GoogleMaps.bundle/GMSCoreResources.bundle/button_my_location@2x.png ... 
2018-09-19 15:07:58 +0000  1229 bytes for ./Payload/DokoDemo.app/GoogleMaps.bundle/GMSCoreResources.bundle/button_my_location@2x.png
2018-09-19 15:07:58 +0000  copying file ./Payload/DokoDemo.app/GoogleMaps.bundle/GMSCoreResources.bundle/en_IN.lproj/GMSCore.strings ... 
801 bytes for ./Payload/DokoDemo.app/GoogleMaps.bundle/GMSCoreResources.bundle/en_IN.lproj/GMSCore.strings
2018-09-19 15:07:58 +0000  copying file ./Payload/DokoDemo.app/GoogleMaps.bundle/GMSCoreResources.bundle/ko.lproj/GMSCore.strings ... 
2018-09-19 15:07:58 +0000  814 bytes for ./Payload/DokoDemo.app/GoogleMaps.bundle/GMSCoreResources.bundle/ko.lproj/GMSCore.strings
copying file ./Payload/DokoDemo.app/GoogleMaps.bundle/GMSCoreResources.bundle/GMSNavSprites-0-2x.png ... 
2018-09-19 15:07:58 +0000  7465 bytes for ./Payload/DokoDemo.app/GoogleMaps.bundle/GMSCoreResources.bundle/GMSNavSprites-0-2x.png
copying file ./Payload/DokoDemo.app/GoogleMaps.bundle/GMSCoreResources.bundle/ic_location_off@2x.png ... 
2018-09-19 15:07:58 +0000  860 bytes for ./Payload/DokoDemo.app/GoogleMaps.bundle/GMSCoreResources.bundle/ic_location_off@2x.png
2018-09-19 15:07:58 +0000  copying file ./Payload/DokoDemo.app/GoogleMaps.bundle/GMSCoreResources.bundle/GMSNavSprites-0-1x.png ... 
2018-09-19 15:07:58 +0000  3246 bytes for ./Payload/DokoDemo.app/GoogleMaps.bundle/GMSCoreResources.bundle/GMSNavSprites-0-1x.png
copying file ./Payload/DokoDemo.app/GoogleMaps.bundle/GMSCoreResources.bundle/no.lproj/GMSCore.strings ... 
2018-09-19 15:07:58 +0000  841 bytes for ./Payload/DokoDemo.app/GoogleMaps.bundle/GMSCoreResources.bundle/no.lproj/GMSCore.strings
copying file ./Payload/DokoDemo.app/GoogleMaps.bundle/GMSCoreResources.bundle/Tharlon-Regular.ttf ... 
2018-09-19 15:07:58 +0000  353228 bytes for ./Payload/DokoDemo.app/GoogleMaps.bundle/GMSCoreResources.bundle/Tharlon-Regular.ttf
2018-09-19 15:07:58 +0000  copying file ./Payload/DokoDemo.app/GoogleMaps.bundle/GMSCoreResources.bundle/hu.lproj/GMSCore.strings ... 
996 bytes for ./Payload/DokoDemo.app/GoogleMaps.bundle/GMSCoreResources.bundle/hu.lproj/GMSCore.strings
2018-09-19 15:07:58 +0000  copying file ./Payload/DokoDemo.app/GoogleMaps.bundle/GMSCoreResources.bundle/zh_HK.lproj/GMSCore.strings ... 
2018-09-19 15:07:58 +0000  738 bytes for ./Payload/DokoDemo.app/GoogleMaps.bundle/GMSCoreResources.bundle/zh_HK.lproj/GMSCore.strings
2018-09-19 15:07:58 +0000  copying file ./Payload/DokoDemo.app/GoogleMaps.bundle/GMSCoreResources.bundle/road_4-1.png ... 
2018-09-19 15:07:58 +0000  74 bytes for ./Payload/DokoDemo.app/GoogleMaps.bundle/GMSCoreResources.bundle/road_4-1.png
copying file ./Payload/DokoDemo.app/GoogleMaps.bundle/GMSCoreResources.bundle/button_background@2x.png ... 
2018-09-19 15:07:58 +0000  433 bytes for ./Payload/DokoDemo.app/GoogleMaps.bundle/GMSCoreResources.bundle/button_background@2x.png
copying file ./Payload/DokoDemo.app/GoogleMaps.bundle/GMSCoreResources.bundle/ic_compass_needle@2x.png ... 
2018-09-19 15:07:58 +0000  992 bytes for ./Payload/DokoDemo.app/GoogleMaps.bundle/GMSCoreResources.bundle/ic_compass_needle@2x.png
copying file ./Payload/DokoDemo.app/GoogleMaps.bundle/GMSCoreResources.bundle/Assets.car ... 
2018-09-19 15:07:58 +0000  46179 bytes for ./Payload/DokoDemo.app/GoogleMaps.bundle/GMSCoreResources.bundle/Assets.car
2018-09-19 15:07:58 +0000  copying file ./Payload/DokoDemo.app/GoogleMaps.bundle/GMSCoreResources.bundle/tr.lproj/GMSCore.strings ... 
2018-09-19 15:07:58 +0000  944 bytes for ./Payload/DokoDemo.app/GoogleMaps.bundle/GMSCoreResources.bundle/tr.lproj/GMSCore.strings
2018-09-19 15:07:58 +0000  copying file ./Payload/DokoDemo.app/GoogleMaps.bundle/GMSCoreResources.bundle/pl.lproj/GMSCore.strings ... 
2018-09-19 15:07:58 +0000  897 bytes for ./Payload/DokoDemo.app/GoogleMaps.bundle/GMSCoreResources.bundle/pl.lproj/GMSCore.strings
copying file ./Payload/DokoDemo.app/GoogleMaps.bundle/GMSCoreResources.bundle/zh_TW.lproj/GMSCore.strings ... 
2018-09-19 15:07:58 +0000  754 bytes for ./Payload/DokoDemo.app/GoogleMaps.bundle/GMSCoreResources.bundle/zh_TW.lproj/GMSCore.strings
copying file ./Payload/DokoDemo.app/GoogleMaps.bundle/GMSCoreResources.bundle/GMSNavNightModeSprites-0-2x.png ... 
2018-09-19 15:07:58 +0000  7660 bytes for ./Payload/DokoDemo.app/GoogleMaps.bundle/GMSCoreResources.bundle/GMSNavNightModeSprites-0-2x.png
copying file ./Payload/DokoDemo.app/GoogleMaps.bundle/GMSCoreResources.bundle/GMSNavNightModeSprites-0-3x.png ... 
2018-09-19 15:07:58 +0000  12519 bytes for ./Payload/DokoDemo.app/GoogleMaps.bundle/GMSCoreResources.bundle/GMSNavNightModeSprites-0-3x.png
2018-09-19 15:07:58 +0000  copying file ./Payload/DokoDemo.app/GoogleMaps.bundle/GMSCoreResources.bundle/en_GB.lproj/GMSCore.strings ... 
801 bytes for ./Payload/DokoDemo.app/GoogleMaps.bundle/GMSCoreResources.bundle/en_GB.lproj/GMSCore.strings
2018-09-19 15:07:58 +0000  copying file ./Payload/DokoDemo.app/GoogleMaps.bundle/GMSCoreResources.bundle/traffic_greyscale2.png ... 
2018-09-19 15:07:58 +0000  382 bytes for ./Payload/DokoDemo.app/GoogleMaps.bundle/GMSCoreResources.bundle/traffic_greyscale2.png
copying file ./Payload/DokoDemo.app/GoogleMaps.bundle/GMSCoreResources.bundle/dav_one_way_16_256.png ... 
2018-09-19 15:07:58 +0000  315 bytes for ./Payload/DokoDemo.app/GoogleMaps.bundle/GMSCoreResources.bundle/dav_one_way_16_256.png
copying file ./Payload/DokoDemo.app/GoogleMaps.bundle/GMSCoreResources.bundle/road_2-1.png ... 
2018-09-19 15:07:58 +0000  84 bytes for ./Payload/DokoDemo.app/GoogleMaps.bundle/GMSCoreResources.bundle/road_2-1.png
copying file ./Payload/DokoDemo.app/GoogleMaps.bundle/GMSCoreResources.bundle/vi.lproj/GMSCore.strings ... 
2018-09-19 15:07:58 +0000  995 bytes for ./Payload/DokoDemo.app/GoogleMaps.bundle/GMSCoreResources.bundle/vi.lproj/GMSCore.strings
copying file ./Payload/DokoDemo.app/GoogleMaps.bundle/GMSCoreResources.bundle/button_background@3x.png ... 
2018-09-19 15:07:58 +0000  515 bytes for ./Payload/DokoDemo.app/GoogleMaps.bundle/GMSCoreResources.bundle/button_background@3x.png
copying file ./Payload/DokoDemo.app/GoogleMaps.bundle/GMSCoreResources.bundle/road_32-8.png ... 
2018-09-19 15:07:58 +0000  223 bytes for ./Payload/DokoDemo.app/GoogleMaps.bundle/GMSCoreResources.bundle/road_32-8.png
2018-09-19 15:07:58 +0000  copying file ./Payload/DokoDemo.app/GoogleMaps.bundle/GMSCoreResources.bundle/lv.lproj/GMSCore.strings ... 
2018-09-19 15:07:58 +0000  801 bytes for ./Payload/DokoDemo.app/GoogleMaps.bundle/GMSCoreResources.bundle/lv.lproj/GMSCore.strings
copying file ./Payload/DokoDemo.app/GoogleMaps.bundle/GMSCoreResources.bundle/lt.lproj/GMSCore.strings ... 
2018-09-19 15:07:58 +0000  801 bytes for ./Payload/DokoDemo.app/GoogleMaps.bundle/GMSCoreResources.bundle/lt.lproj/GMSCore.strings
copying file ./Payload/DokoDemo.app/GoogleMaps.bundle/GMSCoreResources.bundle/ru.lproj/GMSCore.strings ... 
2018-09-19 15:07:58 +0000  1066 bytes for ./Payload/DokoDemo.app/GoogleMaps.bundle/GMSCoreResources.bundle/ru.lproj/GMSCore.strings
2018-09-19 15:07:58 +0000  copying file ./Payload/DokoDemo.app/GoogleMaps.bundle/GMSCoreResources.bundle/traffic_greyscale1.png ... 
2018-09-19 15:07:58 +0000  342 bytes for ./Payload/DokoDemo.app/GoogleMaps.bundle/GMSCoreResources.bundle/traffic_greyscale1.png
copying file ./Payload/DokoDemo.app/GoogleMaps.bundle/GMSCoreResources.bundle/polyline_colors_texture_dim.png ... 
2018-09-19 15:07:58 +0000  7026 bytes for ./Payload/DokoDemo.app/GoogleMaps.bundle/GMSCoreResources.bundle/polyline_colors_texture_dim.png
2018-09-19 15:07:58 +0000  copying file ./Payload/DokoDemo.app/GoogleMaps.bundle/GMSCoreResources.bundle/fr_CA.lproj/GMSCore.strings ... 
2018-09-19 15:07:58 +0000  908 bytes for ./Payload/DokoDemo.app/GoogleMaps.bundle/GMSCoreResources.bundle/fr_CA.lproj/GMSCore.strings
copying file ./Payload/DokoDemo.app/GoogleMaps.bundle/GMSCoreResources.bundle/road_128-32.png ... 
2018-09-19 15:07:58 +0000  1029 bytes for ./Payload/DokoDemo.app/GoogleMaps.bundle/GMSCoreResources.bundle/road_128-32.png
copying file ./Payload/DokoDemo.app/GoogleMaps.bundle/GMSCoreResources.bundle/fr.lproj/GMSCore.strings ... 
2018-09-19 15:07:58 +0000  1038 bytes for ./Payload/DokoDemo.app/GoogleMaps.bundle/GMSCoreResources.bundle/fr.lproj/GMSCore.strings
2018-09-19 15:07:58 +0000  copying file ./Payload/DokoDemo.app/GoogleMaps.bundle/GMSCoreResources.bundle/fi.lproj/GMSCore.strings ... 
2018-09-19 15:07:58 +0000  881 bytes for ./Payload/DokoDemo.app/GoogleMaps.bundle/GMSCoreResources.bundle/fi.lproj/GMSCore.strings
copying file ./Payload/DokoDemo.app/GoogleMaps.bundle/GMSCoreResources.bundle/id.lproj/GMSCore.strings ... 
2018-09-19 15:07:58 +0000  816 bytes for ./Payload/DokoDemo.app/GoogleMaps.bundle/GMSCoreResources.bundle/id.lproj/GMSCore.strings
copying file ./Payload/DokoDemo.app/GoogleMaps.bundle/GMSCoreResources.bundle/nl.lproj/GMSCore.strings ... 
2018-09-19 15:07:58 +0000  865 bytes for ./Payload/DokoDemo.app/GoogleMaps.bundle/GMSCoreResources.bundle/nl.lproj/GMSCore.strings
2018-09-19 15:07:58 +0000  copying file ./Payload/DokoDemo.app/GoogleMaps.bundle/GMSCoreResources.bundle/th.lproj/GMSCore.strings ... 
2018-09-19 15:07:58 +0000  896 bytes for ./Payload/DokoDemo.app/GoogleMaps.bundle/GMSCoreResources.bundle/th.lproj/GMSCore.strings
copying file ./Payload/DokoDemo.app/GoogleMaps.bundle/GMSCoreResources.bundle/road_64-16.png ... 
2018-09-19 15:07:58 +0000  425 bytes for ./Payload/DokoDemo.app/GoogleMaps.bundle/GMSCoreResources.bundle/road_64-16.png
copying file ./Payload/DokoDemo.app/GoogleMaps.bundle/GMSCoreResources.bundle/GMSSprites-0-3x.png ... 
2018-09-19 15:07:58 +0000  42326 bytes for ./Payload/DokoDemo.app/GoogleMaps.bundle/GMSCoreResources.bundle/GMSSprites-0-3x.png
copying file ./Payload/DokoDemo.app/GoogleMaps.bundle/GMSCoreResources.bundle/polyline_colors_texture.png ... 
2018-09-19 15:07:58 +0000  6982 bytes for ./Payload/DokoDemo.app/GoogleMaps.bundle/GMSCoreResources.bundle/polyline_colors_texture.png
copying file ./Payload/DokoDemo.app/GoogleMaps.bundle/GMSCoreResources.bundle/ic_compass_needle.png ... 
2018-09-19 15:07:58 +0000  483 bytes for ./Payload/DokoDemo.app/GoogleMaps.bundle/GMSCoreResources.bundle/ic_compass_needle.png
2018-09-19 15:07:58 +0000  copying file ./Payload/DokoDemo.app/GoogleMaps.bundle/GMSCoreResources.bundle/pt.lproj/GMSCore.strings ... 
2018-09-19 15:07:58 +0000  948 bytes for ./Payload/DokoDemo.app/GoogleMaps.bundle/GMSCoreResources.bundle/pt.lproj/GMSCore.strings
copying file ./Payload/DokoDemo.app/GoogleMaps.bundle/GMSCoreResources.bundle/road_1-1.png ... 
2018-09-19 15:07:58 +0000  95 bytes for ./Payload/DokoDemo.app/GoogleMaps.bundle/GMSCoreResources.bundle/road_1-1.png
copying file ./Payload/DokoDemo.app/GoogleMaps.bundle/GMSCoreResources.bundle/ic_location_off.png ... 
2018-09-19 15:07:58 +0000  498 bytes for ./Payload/DokoDemo.app/GoogleMaps.bundle/GMSCoreResources.bundle/ic_location_off.png
copying file ./Payload/DokoDemo.app/GoogleMaps.bundle/GMSCoreResources.bundle/ro.lproj/GMSCore.strings ... 
2018-09-19 15:07:58 +0000  985 bytes for ./Payload/DokoDemo.app/GoogleMaps.bundle/GMSCoreResources.bundle/ro.lproj/GMSCore.strings
copying file ./Payload/DokoDemo.app/GoogleMaps.bundle/GMSCoreResources.bundle/traffic_startcap.png ... 
2018-09-19 15:07:58 +0000  243 bytes for ./Payload/DokoDemo.app/GoogleMaps.bundle/GMSCoreResources.bundle/traffic_startcap.png
copying file ./Payload/DokoDemo.app/GoogleMaps.bundle/GMSCoreResources.bundle/Info.plist ... 
2018-09-19 15:07:58 +0000  510 bytes for ./Payload/DokoDemo.app/GoogleMaps.bundle/GMSCoreResources.bundle/Info.plist
copying file ./Payload/DokoDemo.app/GoogleMaps.bundle/GMSCoreResources.bundle/GMSSprites-0-2x.png ... 
2018-09-19 15:07:58 +0000  25169 bytes for ./Payload/DokoDemo.app/GoogleMaps.bundle/GMSCoreResources.bundle/GMSSprites-0-2x.png
copying file ./Payload/DokoDemo.app/GoogleMaps.bundle/GMSCoreResources.bundle/button_compass_night@2x.png ... 
2018-09-19 15:07:58 +0000  2221 bytes for ./Payload/DokoDemo.app/GoogleMaps.bundle/GMSCoreResources.bundle/button_compass_night@2x.png
copying file ./Payload/DokoDemo.app/GoogleMaps.bundle/GMSCoreResources.bundle/button_compass@2x.png ... 
2018-09-19 15:07:58 +0000  2560 bytes for ./Payload/DokoDemo.app/GoogleMaps.bundle/GMSCoreResources.bundle/button_compass@2x.png
2018-09-19 15:07:58 +0000  copying file ./Payload/DokoDemo.app/GoogleMaps.bundle/GMSCoreResources.bundle/hr.lproj/GMSCore.strings ... 
2018-09-19 15:07:58 +0000  909 bytes for ./Payload/DokoDemo.app/GoogleMaps.bundle/GMSCoreResources.bundle/hr.lproj/GMSCore.strings
2018-09-19 15:07:58 +0000  copying file ./Payload/DokoDemo.app/GoogleMaps.bundle/GMSCoreResources.bundle/hi.lproj/GMSCore.strings ... 
2018-09-19 15:07:58 +0000  994 bytes for ./Payload/DokoDemo.app/GoogleMaps.bundle/GMSCoreResources.bundle/hi.lproj/GMSCore.strings
2018-09-19 15:07:58 +0000  copying file ./Payload/DokoDemo.app/GoogleMaps.bundle/GMSCoreResources.bundle/ca.lproj/GMSCore.strings ... 
2018-09-19 15:07:58 +0000  1014 bytes for ./Payload/DokoDemo.app/GoogleMaps.bundle/GMSCoreResources.bundle/ca.lproj/GMSCore.strings
copying file ./Payload/DokoDemo.app/GoogleMaps.bundle/default_marker.png ... 
2018-09-19 15:07:58 +0000  1221 bytes for ./Payload/DokoDemo.app/GoogleMaps.bundle/default_marker.png
copying file ./Payload/DokoDemo.app/GoogleMaps.bundle/oss_licenses_maps.txt.gz ... 
2018-09-19 15:07:58 +0000  22555 bytes for ./Payload/DokoDemo.app/GoogleMaps.bundle/oss_licenses_maps.txt.gz
copying file ./Payload/DokoDemo.app/GoogleMaps.bundle/bubble_right.png ... 
2018-09-19 15:07:58 +0000  455 bytes for ./Payload/DokoDemo.app/GoogleMaps.bundle/bubble_right.png
copying file ./Payload/DokoDemo.app/GoogleMaps.bundle/default_marker@3x.png ... 
2018-09-19 15:07:58 +0000  6988 bytes for ./Payload/DokoDemo.app/GoogleMaps.bundle/default_marker@3x.png
2018-09-19 15:07:58 +0000  copying file ./Payload/DokoDemo.app/GoogleMaps.bundle/default_marker@2x.png ... 
2018-09-19 15:07:58 +0000  2531 bytes for ./Payload/DokoDemo.app/GoogleMaps.bundle/default_marker@2x.png
2018-09-19 15:07:58 +0000  copying file ./Payload/DokoDemo.app/GoogleMaps.bundle/GMSCacheStorage.momd/Storage.mom ... 
2018-09-19 15:07:58 +0000  4576 bytes for ./Payload/DokoDemo.app/GoogleMaps.bundle/GMSCacheStorage.momd/Storage.mom
copying file ./Payload/DokoDemo.app/GoogleMaps.bundle/GMSCacheStorage.momd/VersionInfo.plist ... 
2018-09-19 15:07:58 +0000  807 bytes for ./Payload/DokoDemo.app/GoogleMaps.bundle/GMSCacheStorage.momd/VersionInfo.plist
copying file ./Payload/DokoDemo.app/GoogleMaps.bundle/GMSCacheStorage.momd/StorageWithTileVersionID.omo ... 
2018-09-19 15:07:58 +0000  10296 bytes for ./Payload/DokoDemo.app/GoogleMaps.bundle/GMSCacheStorage.momd/StorageWithTileVersionID.omo
copying file ./Payload/DokoDemo.app/GoogleMaps.bundle/GMSCacheStorage.momd/StorageWithTileVersionID.mom ... 
2018-09-19 15:07:58 +0000  4682 bytes for ./Payload/DokoDemo.app/GoogleMaps.bundle/GMSCacheStorage.momd/StorageWithTileVersionID.mom
2018-09-19 15:07:58 +0000  copying file ./Payload/DokoDemo.app/GoogleMaps.bundle/Info.plist ... 
2018-09-19 15:07:58 +0000  499 bytes for ./Payload/DokoDemo.app/GoogleMaps.bundle/Info.plist
copying file ./Payload/DokoDemo.app/Comfortaa-Light.ttf ... 
2018-09-19 15:07:58 +0000  128280 bytes for ./Payload/DokoDemo.app/Comfortaa-Light.ttf
copying file ./Payload/DokoDemo.app/MaterialCommunityIcons.ttf ... 
2018-09-19 15:07:58 +0000  322456 bytes for ./Payload/DokoDemo.app/MaterialCommunityIcons.ttf
copying file ./Payload/DokoDemo.app/AppIcon60x60@2x.png ... 
2018-09-19 15:07:58 +0000  8052 bytes for ./Payload/DokoDemo.app/AppIcon60x60@2x.png
copying file ./Payload/DokoDemo.app/AppIcon29x29@2x.png ... 
2018-09-19 15:07:58 +0000  4572 bytes for ./Payload/DokoDemo.app/AppIcon29x29@2x.png
copying file ./Payload/DokoDemo.app/AppIcon40x40@3x.png ... 
2018-09-19 15:07:58 +0000  8052 bytes for ./Payload/DokoDemo.app/AppIcon40x40@3x.png
copying file ./Payload/DokoDemo.app/Foundation.ttf ... 
2018-09-19 15:07:58 +0000  56976 bytes for ./Payload/DokoDemo.app/Foundation.ttf
copying file ./Payload/DokoDemo.app/AppIcon29x29~ipad.png ... 
2018-09-19 15:07:58 +0000  2792 bytes for ./Payload/DokoDemo.app/AppIcon29x29~ipad.png
copying file ./Payload/DokoDemo.app/Ionicons.ttf ... 
2018-09-19 15:07:58 +0000  143936 bytes for ./Payload/DokoDemo.app/Ionicons.ttf
copying file ./Payload/DokoDemo.app/AppIcon40x40@2x.png ... 
2018-09-19 15:07:58 +0000  5869 bytes for ./Payload/DokoDemo.app/AppIcon40x40@2x.png
copying file ./Payload/DokoDemo.app/AppIcon29x29@3x.png ... 
2018-09-19 15:07:58 +0000  6340 bytes for ./Payload/DokoDemo.app/AppIcon29x29@3x.png
2018-09-19 15:07:58 +0000  copying file ./Payload/DokoDemo.app/FacebookSDKStrings.bundle/Resources/de.lproj/FacebookSDK.strings ... 
2018-09-19 15:07:58 +0000  5174 bytes for ./Payload/DokoDemo.app/FacebookSDKStrings.bundle/Resources/de.lproj/FacebookSDK.strings
2018-09-19 15:07:58 +0000  copying file ./Payload/DokoDemo.app/FacebookSDKStrings.bundle/Resources/he.lproj/FacebookSDK.strings ... 
2018-09-19 15:07:58 +0000  5282 bytes for ./Payload/DokoDemo.app/FacebookSDKStrings.bundle/Resources/he.lproj/FacebookSDK.strings
2018-09-19 15:07:58 +0000  copying file ./Payload/DokoDemo.app/FacebookSDKStrings.bundle/Resources/ar.lproj/FacebookSDK.strings ... 
2018-09-19 15:07:58 +0000  5603 bytes for ./Payload/DokoDemo.app/FacebookSDKStrings.bundle/Resources/ar.lproj/FacebookSDK.strings
2018-09-19 15:07:58 +0000  copying file ./Payload/DokoDemo.app/FacebookSDKStrings.bundle/Resources/el.lproj/FacebookSDK.strings ... 
2018-09-19 15:07:58 +0000  6162 bytes for ./Payload/DokoDemo.app/FacebookSDKStrings.bundle/Resources/el.lproj/FacebookSDK.strings
2018-09-19 15:07:58 +0000  copying file ./Payload/DokoDemo.app/FacebookSDKStrings.bundle/Resources/ja.lproj/FacebookSDK.strings ... 
2018-09-19 15:07:58 +0000  5419 bytes for ./Payload/DokoDemo.app/FacebookSDKStrings.bundle/Resources/ja.lproj/FacebookSDK.strings
2018-09-19 15:07:58 +0000  copying file ./Payload/DokoDemo.app/FacebookSDKStrings.bundle/Resources/mr.lproj/FacebookSDK.strings ... 
2018-09-19 15:07:58 +0000  6747 bytes for ./Payload/DokoDemo.app/FacebookSDKStrings.bundle/Resources/mr.lproj/FacebookSDK.strings
2018-09-19 15:07:58 +0000  copying file ./Payload/DokoDemo.app/FacebookSDKStrings.bundle/Resources/en.lproj/FacebookSDK.strings ... 
2018-09-19 15:07:58 +0000  9126 bytes for ./Payload/DokoDemo.app/FacebookSDKStrings.bundle/Resources/en.lproj/FacebookSDK.strings
2018-09-19 15:07:58 +0000  copying file ./Payload/DokoDemo.app/FacebookSDKStrings.bundle/Resources/gu.lproj/FacebookSDK.strings ... 
2018-09-19 15:07:58 +0000  6757 bytes for ./Payload/DokoDemo.app/FacebookSDKStrings.bundle/Resources/gu.lproj/FacebookSDK.strings
2018-09-19 15:07:58 +0000  copying file ./Payload/DokoDemo.app/FacebookSDKStrings.bundle/Resources/kn.lproj/FacebookSDK.strings ... 
2018-09-19 15:07:58 +0000  5977 bytes for ./Payload/DokoDemo.app/FacebookSDKStrings.bundle/Resources/kn.lproj/FacebookSDK.strings
2018-09-19 15:07:58 +0000  copying file ./Payload/DokoDemo.app/FacebookSDKStrings.bundle/Resources/nb.lproj/FacebookSDK.strings ... 
2018-09-19 15:07:58 +0000  4911 bytes for ./Payload/DokoDemo.app/FacebookSDKStrings.bundle/Resources/nb.lproj/FacebookSDK.strings
2018-09-19 15:07:58 +0000  copying file ./Payload/DokoDemo.app/FacebookSDKStrings.bundle/Resources/pa.lproj/FacebookSDK.strings ... 
2018-09-19 15:07:58 +0000  6874 bytes for ./Payload/DokoDemo.app/FacebookSDKStrings.bundle/Resources/pa.lproj/FacebookSDK.strings
2018-09-19 15:07:58 +0000  copying file ./Payload/DokoDemo.app/FacebookSDKStrings.bundle/Resources/es.lproj/FacebookSDK.strings ... 
2018-09-19 15:07:58 +0000  5110 bytes for ./Payload/DokoDemo.app/FacebookSDKStrings.bundle/Resources/es.lproj/FacebookSDK.strings
2018-09-19 15:07:58 +0000  copying file ./Payload/DokoDemo.app/FacebookSDKStrings.bundle/Resources/da.lproj/FacebookSDK.strings ... 
2018-09-19 15:07:58 +0000  4975 bytes for ./Payload/DokoDemo.app/FacebookSDKStrings.bundle/Resources/da.lproj/FacebookSDK.strings
2018-09-19 15:07:58 +0000  copying file ./Payload/DokoDemo.app/FacebookSDKStrings.bundle/Resources/it.lproj/FacebookSDK.strings ... 
2018-09-19 15:07:58 +0000  5016 bytes for ./Payload/DokoDemo.app/FacebookSDKStrings.bundle/Resources/it.lproj/FacebookSDK.strings
2018-09-19 15:07:58 +0000  copying file ./Payload/DokoDemo.app/FacebookSDKStrings.bundle/Resources/sk.lproj/FacebookSDK.strings ... 
2018-09-19 15:07:58 +0000  5130 bytes for ./Payload/DokoDemo.app/FacebookSDKStrings.bundle/Resources/sk.lproj/FacebookSDK.strings
2018-09-19 15:07:58 +0000  copying file ./Payload/DokoDemo.app/FacebookSDKStrings.bundle/Resources/pt_PT.lproj/FacebookSDK.strings ... 
2018-09-19 15:07:58 +0000  5139 bytes for ./Payload/DokoDemo.app/FacebookSDKStrings.bundle/Resources/pt_PT.lproj/FacebookSDK.strings
2018-09-19 15:07:58 +0000  copying file ./Payload/DokoDemo.app/FacebookSDKStrings.bundle/Resources/ms.lproj/FacebookSDK.strings ... 
2018-09-19 15:07:58 +0000  4990 bytes for ./Payload/DokoDemo.app/FacebookSDKStrings.bundle/Resources/ms.lproj/FacebookSDK.strings
2018-09-19 15:07:58 +0000  copying file ./Payload/DokoDemo.app/FacebookSDKStrings.bundle/Resources/ta.lproj/FacebookSDK.strings ... 
2018-09-19 15:07:58 +0000  7039 bytes for ./Payload/DokoDemo.app/FacebookSDKStrings.bundle/Resources/ta.lproj/FacebookSDK.strings
2018-09-19 15:07:58 +0000  copying file ./Payload/DokoDemo.app/FacebookSDKStrings.bundle/Resources/ml.lproj/FacebookSDK.strings ... 
2018-09-19 15:07:58 +0000  7388 bytes for ./Payload/DokoDemo.app/FacebookSDKStrings.bundle/Resources/ml.lproj/FacebookSDK.strings
2018-09-19 15:07:58 +0000  copying file ./Payload/DokoDemo.app/FacebookSDKStrings.bundle/Resources/sv.lproj/FacebookSDK.strings ... 
2018-09-19 15:07:58 +0000  4940 bytes for ./Payload/DokoDemo.app/FacebookSDKStrings.bundle/Resources/sv.lproj/FacebookSDK.strings
2018-09-19 15:07:58 +0000  copying file ./Payload/DokoDemo.app/FacebookSDKStrings.bundle/Resources/te.lproj/FacebookSDK.strings ... 
2018-09-19 15:07:58 +0000  7083 bytes for ./Payload/DokoDemo.app/FacebookSDKStrings.bundle/Resources/te.lproj/FacebookSDK.strings
2018-09-19 15:07:58 +0000  copying file ./Payload/DokoDemo.app/FacebookSDKStrings.bundle/Resources/cs.lproj/FacebookSDK.strings ... 
2018-09-19 15:07:58 +0000  5115 bytes for ./Payload/DokoDemo.app/FacebookSDKStrings.bundle/Resources/cs.lproj/FacebookSDK.strings
2018-09-19 15:07:58 +0000  copying file ./Payload/DokoDemo.app/FacebookSDKStrings.bundle/Resources/ko.lproj/FacebookSDK.strings ... 
2018-09-19 15:07:58 +0000  5137 bytes for ./Payload/DokoDemo.app/FacebookSDKStrings.bundle/Resources/ko.lproj/FacebookSDK.strings
2018-09-19 15:07:58 +0000  copying file ./Payload/DokoDemo.app/FacebookSDKStrings.bundle/Resources/fil.lproj/FacebookSDK.strings ... 
2018-09-19 15:07:58 +0000  5137 bytes for ./Payload/DokoDemo.app/FacebookSDKStrings.bundle/Resources/fil.lproj/FacebookSDK.strings
2018-09-19 15:07:58 +0000  copying file ./Payload/DokoDemo.app/FacebookSDKStrings.bundle/Resources/hu.lproj/FacebookSDK.strings ... 
2018-09-19 15:07:58 +0000  5233 bytes for ./Payload/DokoDemo.app/FacebookSDKStrings.bundle/Resources/hu.lproj/FacebookSDK.strings
2018-09-19 15:07:58 +0000  copying file ./Payload/DokoDemo.app/FacebookSDKStrings.bundle/Resources/tr.lproj/FacebookSDK.strings ... 
2018-09-19 15:07:58 +0000  5006 bytes for ./Payload/DokoDemo.app/FacebookSDKStrings.bundle/Resources/tr.lproj/FacebookSDK.strings
2018-09-19 15:07:58 +0000  copying file ./Payload/DokoDemo.app/FacebookSDKStrings.bundle/Resources/pl.lproj/FacebookSDK.strings ... 
2018-09-19 15:07:58 +0000  5086 bytes for ./Payload/DokoDemo.app/FacebookSDKStrings.bundle/Resources/pl.lproj/FacebookSDK.strings
2018-09-19 15:07:58 +0000  copying file ./Payload/DokoDemo.app/FacebookSDKStrings.bundle/Resources/en_GB.lproj/FacebookSDK.strings ... 
2018-09-19 15:07:58 +0000  4509 bytes for ./Payload/DokoDemo.app/FacebookSDKStrings.bundle/Resources/en_GB.lproj/FacebookSDK.strings
2018-09-19 15:07:58 +0000  copying file ./Payload/DokoDemo.app/FacebookSDKStrings.bundle/Resources/zh_Hant_TW.lproj/FacebookSDK.strings ... 
2018-09-19 15:07:58 +0000  4891 bytes for ./Payload/DokoDemo.app/FacebookSDKStrings.bundle/Resources/zh_Hant_TW.lproj/FacebookSDK.strings
2018-09-19 15:07:58 +0000  copying file ./Payload/DokoDemo.app/FacebookSDKStrings.bundle/Resources/vi.lproj/FacebookSDK.strings ... 
2018-09-19 15:07:58 +0000  5393 bytes for ./Payload/DokoDemo.app/FacebookSDKStrings.bundle/Resources/vi.lproj/FacebookSDK.strings
2018-09-19 15:07:58 +0000  copying file ./Payload/DokoDemo.app/FacebookSDKStrings.bundle/Resources/ru.lproj/FacebookSDK.strings ... 
2018-09-19 15:07:58 +0000  5711 bytes for ./Payload/DokoDemo.app/FacebookSDKStrings.bundle/Resources/ru.lproj/FacebookSDK.strings
2018-09-19 15:07:58 +0000  copying file ./Payload/DokoDemo.app/FacebookSDKStrings.bundle/Resources/zh_Hant_HK.lproj/FacebookSDK.strings ... 
2018-09-19 15:07:58 +0000  4853 bytes for ./Payload/DokoDemo.app/FacebookSDKStrings.bundle/Resources/zh_Hant_HK.lproj/FacebookSDK.strings
2018-09-19 15:07:58 +0000  copying file ./Payload/DokoDemo.app/FacebookSDKStrings.bundle/Resources/af.lproj/FacebookSDK.strings ... 
2018-09-19 15:07:58 +0000  5014 bytes for ./Payload/DokoDemo.app/FacebookSDKStrings.bundle/Resources/af.lproj/FacebookSDK.strings
2018-09-19 15:07:58 +0000  copying file ./Payload/DokoDemo.app/FacebookSDKStrings.bundle/Resources/es_ES.lproj/FacebookSDK.strings ... 
2018-09-19 15:07:58 +0000  5128 bytes for ./Payload/DokoDemo.app/FacebookSDKStrings.bundle/Resources/es_ES.lproj/FacebookSDK.strings
2018-09-19 15:07:58 +0000  copying file ./Payload/DokoDemo.app/FacebookSDKStrings.bundle/Resources/fr.lproj/FacebookSDK.strings ... 
2018-09-19 15:07:58 +0000  5228 bytes for ./Payload/DokoDemo.app/FacebookSDKStrings.bundle/Resources/fr.lproj/FacebookSDK.strings
2018-09-19 15:07:58 +0000  copying file ./Payload/DokoDemo.app/FacebookSDKStrings.bundle/Resources/fi.lproj/FacebookSDK.strings ... 
2018-09-19 15:07:58 +0000  5096 bytes for ./Payload/DokoDemo.app/FacebookSDKStrings.bundle/Resources/fi.lproj/FacebookSDK.strings
2018-09-19 15:07:58 +0000  copying file ./Payload/DokoDemo.app/FacebookSDKStrings.bundle/Resources/id.lproj/FacebookSDK.strings ... 
2018-09-19 15:07:58 +0000  4932 bytes for ./Payload/DokoDemo.app/FacebookSDKStrings.bundle/Resources/id.lproj/FacebookSDK.strings
2018-09-19 15:07:58 +0000  copying file ./Payload/DokoDemo.app/FacebookSDKStrings.bundle/Resources/nl.lproj/FacebookSDK.strings ... 
2018-09-19 15:07:58 +0000  5014 bytes for ./Payload/DokoDemo.app/FacebookSDKStrings.bundle/Resources/nl.lproj/FacebookSDK.strings
2018-09-19 15:07:58 +0000  copying file ./Payload/DokoDemo.app/FacebookSDKStrings.bundle/Resources/th.lproj/FacebookSDK.strings ... 
2018-09-19 15:07:58 +0000  6758 bytes for ./Payload/DokoDemo.app/FacebookSDKStrings.bundle/Resources/th.lproj/FacebookSDK.strings
2018-09-19 15:07:58 +0000  copying file ./Payload/DokoDemo.app/FacebookSDKStrings.bundle/Resources/pt.lproj/FacebookSDK.strings ... 
2018-09-19 15:07:58 +0000  5043 bytes for ./Payload/DokoDemo.app/FacebookSDKStrings.bundle/Resources/pt.lproj/FacebookSDK.strings
2018-09-19 15:07:58 +0000  copying file ./Payload/DokoDemo.app/FacebookSDKStrings.bundle/Resources/bn.lproj/FacebookSDK.strings ... 
2018-09-19 15:07:58 +0000  7025 bytes for ./Payload/DokoDemo.app/FacebookSDKStrings.bundle/Resources/bn.lproj/FacebookSDK.strings
2018-09-19 15:07:58 +0000  copying file ./Payload/DokoDemo.app/FacebookSDKStrings.bundle/Resources/hr.lproj/FacebookSDK.strings ... 
2018-09-19 15:07:58 +0000  4978 bytes for ./Payload/DokoDemo.app/FacebookSDKStrings.bundle/Resources/hr.lproj/FacebookSDK.strings
2018-09-19 15:07:58 +0000  copying file ./Payload/DokoDemo.app/FacebookSDKStrings.bundle/Resources/hi.lproj/FacebookSDK.strings ... 
2018-09-19 15:07:58 +0000  6785 bytes for ./Payload/DokoDemo.app/FacebookSDKStrings.bundle/Resources/hi.lproj/FacebookSDK.strings
2018-09-19 15:07:58 +0000  copying file ./Payload/DokoDemo.app/FacebookSDKStrings.bundle/Resources/zh.lproj/FacebookSDK.strings ... 
2018-09-19 15:07:58 +0000  4833 bytes for ./Payload/DokoDemo.app/FacebookSDKStrings.bundle/Resources/zh.lproj/FacebookSDK.strings
2018-09-19 15:07:58 +0000  copying file ./Payload/DokoDemo.app/AppIcon60x60@3x.png ... 
2018-09-19 15:07:58 +0000  10943 bytes for ./Payload/DokoDemo.app/AppIcon60x60@3x.png
copying file ./Payload/DokoDemo.app/rubicon-icon-font.ttf ... 
2018-09-19 15:07:58 +0000  10208 bytes for ./Payload/DokoDemo.app/rubicon-icon-font.ttf
2018-09-19 15:07:58 +0000  copying file ./Payload/DokoDemo.app/Base.lproj/LaunchScreen.nib ... 
2018-09-19 15:07:58 +0000  3104 bytes for ./Payload/DokoDemo.app/Base.lproj/LaunchScreen.nib
2018-09-19 15:07:58 +0000  copying file ./Payload/DokoDemo.app/FontAwesome.ttf ... 
2018-09-19 15:07:58 +0000  165548 bytes for ./Payload/DokoDemo.app/FontAwesome.ttf
copying file ./Payload/DokoDemo.app/Zocial.ttf ... 
2018-09-19 15:07:58 +0000  25552 bytes for ./Payload/DokoDemo.app/Zocial.ttf
copying file ./Payload/DokoDemo.app/Roboto.ttf ... 
2018-09-19 15:07:58 +0000  145348 bytes for ./Payload/DokoDemo.app/Roboto.ttf
copying file ./Payload/DokoDemo.app/Assets.car ... 
2018-09-19 15:07:58 +0000  219064 bytes for ./Payload/DokoDemo.app/Assets.car
copying file ./Payload/DokoDemo.app/main.jsbundle.meta ... 
2018-09-19 15:07:58 +0000  21 bytes for ./Payload/DokoDemo.app/main.jsbundle.meta
copying file ./Payload/DokoDemo.app/AppIcon40x40@2x~ipad.png ... 
2018-09-19 15:07:58 +0000  5869 bytes for ./Payload/DokoDemo.app/AppIcon40x40@2x~ipad.png
2018-09-19 15:07:58 +0000  copying file ./Payload/DokoDemo.app/EvilIcons.ttf ... 
2018-09-19 15:07:58 +0000  13128 bytes for ./Payload/DokoDemo.app/EvilIcons.ttf
copying file ./Payload/DokoDemo.app/AppIcon76x76@2x~ipad.png ... 
2018-09-19 15:07:58 +0000  9611 bytes for ./Payload/DokoDemo.app/AppIcon76x76@2x~ipad.png
copying file ./Payload/DokoDemo.app/main.jsbundle ... 
2018-09-19 15:07:58 +0000  2854649 bytes for ./Payload/DokoDemo.app/main.jsbundle
copying file ./Payload/DokoDemo.app/AppIcon83.5x83.5@2x~ipad.png ... 
2018-09-19 15:07:58 +0000  10470 bytes for ./Payload/DokoDemo.app/AppIcon83.5x83.5@2x~ipad.png
copying file ./Payload/DokoDemo.app/DokoDemo ... 
2018-09-19 15:08:02 +0000  112386016 bytes for ./Payload/DokoDemo.app/DokoDemo
copying file ./Payload/DokoDemo.app/AppIcon29x29@2x~ipad.png ... 
2018-09-19 15:08:02 +0000  4572 bytes for ./Payload/DokoDemo.app/AppIcon29x29@2x~ipad.png
copying file ./Payload/DokoDemo.app/Comfortaa-Regular.ttf ... 
2018-09-19 15:08:02 +0000  127916 bytes for ./Payload/DokoDemo.app/Comfortaa-Regular.ttf
copying file ./Payload/DokoDemo.app/AppIcon40x40~ipad.png ... 
2018-09-19 15:08:02 +0000  3480 bytes for ./Payload/DokoDemo.app/AppIcon40x40~ipad.png
copying file ./Payload/DokoDemo.app/AppIcon20x20~ipad.png ... 
2018-09-19 15:08:02 +0000  2196 bytes for ./Payload/DokoDemo.app/AppIcon20x20~ipad.png
copying file ./Payload/DokoDemo.app/SimpleLineIcons.ttf ... 
2018-09-19 15:08:02 +0000  54056 bytes for ./Payload/DokoDemo.app/SimpleLineIcons.ttf
2018-09-19 15:08:02 +0000  copying file ./Payload/DokoDemo.app/embedded.mobileprovision ... 
2018-09-19 15:08:02 +0000  9403 bytes for ./Payload/DokoDemo.app/embedded.mobileprovision
2018-09-19 15:08:02 +0000  copying file ./Payload/DokoDemo.app/assets/node_modules/react-navigation-stack/dist/views/assets/back-icon@3x.png ... 
2018-09-19 15:08:02 +0000  761 bytes for ./Payload/DokoDemo.app/assets/node_modules/react-navigation-stack/dist/views/assets/back-icon@3x.png
copying file ./Payload/DokoDemo.app/assets/node_modules/react-navigation-stack/dist/views/assets/back-icon@2x.png ... 
2018-09-19 15:08:02 +0000  405 bytes for ./Payload/DokoDemo.app/assets/node_modules/react-navigation-stack/dist/views/assets/back-icon@2x.png
copying file ./Payload/DokoDemo.app/assets/node_modules/react-navigation-stack/dist/views/assets/back-icon.png ... 
2018-09-19 15:08:02 +0000  290 bytes for ./Payload/DokoDemo.app/assets/node_modules/react-navigation-stack/dist/views/assets/back-icon.png
copying file ./Payload/DokoDemo.app/assets/node_modules/react-navigation-stack/dist/views/assets/back-icon-mask.png ... 
2018-09-19 15:08:02 +0000  659 bytes for ./Payload/DokoDemo.app/assets/node_modules/react-navigation-stack/dist/views/assets/back-icon-mask.png
2018-09-19 15:08:02 +0000  copying file ./Payload/DokoDemo.app/assets/assets/images/appLogo.png ... 
2018-09-19 15:08:02 +0000  605648 bytes for ./Payload/DokoDemo.app/assets/assets/images/appLogo.png
copying file ./Payload/DokoDemo.app/assets/assets/images/default.png ... 
2018-09-19 15:08:02 +0000  16450 bytes for ./Payload/DokoDemo.app/assets/assets/images/default.png
2018-09-19 15:08:02 +0000  copying file ./Payload/DokoDemo.app/AppIcon20x20@2x~ipad.png ... 
2018-09-19 15:08:02 +0000  3480 bytes for ./Payload/DokoDemo.app/AppIcon20x20@2x~ipad.png
copying file ./Payload/DokoDemo.app/Info.plist ... 
2018-09-19 15:08:02 +0000  2082 bytes for ./Payload/DokoDemo.app/Info.plist
copying file ./Payload/DokoDemo.app/PkgInfo ... 
2018-09-19 15:08:02 +0000  8 bytes for ./Payload/DokoDemo.app/PkgInfo
copying file ./Payload/DokoDemo.app/MaterialIcons.ttf ... 
2018-09-19 15:08:02 +0000  128180 bytes for ./Payload/DokoDemo.app/MaterialIcons.ttf
copying file ./Payload/DokoDemo.app/Comfortaa-Bold.ttf ... 
2018-09-19 15:08:02 +0000  127900 bytes for ./Payload/DokoDemo.app/Comfortaa-Bold.ttf
copying file ./Payload/DokoDemo.app/AppIcon76x76~ipad.png ... 
2018-09-19 15:08:02 +0000  5844 bytes for ./Payload/DokoDemo.app/AppIcon76x76~ipad.png
2018-09-19 15:08:02 +0000  2018-09-19 15:08:02 +0000  

2018-09-19 15:08:02 +0000  /usr/bin/ditto exited with 0
2018-09-19 15:08:02 +0000  2018-09-19 15:08:02 +0000  

2018-09-19 15:08:02 +0000  Processing step: IDEDistributionCreateManifestStep
2018-09-19 15:08:02 +0000  Skipping step: IDEDistributionCreateManifestStep because it said so
